{"C:\\Users\\Sahil\\Desktop\\anti\\anti\\src\\App.jsx": {"path":"C:\\Users\\Sahil\\Desktop\\anti\\anti\\src\\App.jsx","statementMap":{"0":{"start":{"line":24,"column":15},"end":{"line":24,"column":null}},"1":{"start":{"line":26,"column":2},"end":{"line":28,"column":null}},"2":{"start":{"line":27,"column":4},"end":{"line":27,"column":null}},"3":{"start":{"line":29,"column":2},"end":{"line":29,"column":null}},"4":{"start":{"line":33,"column":2},"end":{"line":95,"column":null}}},"fnMap":{"0":{"name":"DashboardRouter","decl":{"start":{"line":23,"column":9},"end":{"line":23,"column":27}},"loc":{"start":{"line":23,"column":27},"end":{"line":30,"column":null}},"line":23},"1":{"name":"App","decl":{"start":{"line":32,"column":9},"end":{"line":32,"column":15}},"loc":{"start":{"line":32,"column":15},"end":{"line":97,"column":null}},"line":32}},"branchMap":{"0":{"loc":{"start":{"line":26,"column":2},"end":{"line":28,"column":null}},"type":"if","locations":[{"start":{"line":26,"column":2},"end":{"line":28,"column":null}},{"start":{},"end":{}}],"line":26}},"s":{"0":0,"1":0,"2":0,"3":0,"4":1},"f":{"0":0,"1":1},"b":{"0":[0,0]},"meta":{"lastBranch":1,"lastFunction":2,"lastStatement":5,"seen":{"f:23:9:23:27":0,"s:24:15:24:Infinity":0,"b:26:2:28:Infinity:undefined:undefined:undefined:undefined":0,"s:26:2:28:Infinity":1,"s:27:4:27:Infinity":2,"s:29:2:29:Infinity":3,"f:32:9:32:15":1,"s:33:2:95:Infinity":4}}}
,"C:\\Users\\Sahil\\Desktop\\anti\\anti\\src\\components\\Layout.jsx": {"path":"C:\\Users\\Sahil\\Desktop\\anti\\anti\\src\\components\\Layout.jsx","statementMap":{"0":{"start":{"line":5,"column":4},"end":{"line":11,"column":null}}},"fnMap":{"0":{"name":"Layout","decl":{"start":{"line":4,"column":24},"end":{"line":4,"column":33}},"loc":{"start":{"line":4,"column":33},"end":{"line":13,"column":null}},"line":4}},"branchMap":{},"s":{"0":0},"f":{"0":0},"b":{},"meta":{"lastBranch":0,"lastFunction":1,"lastStatement":1,"seen":{"f:4:24:4:33":0,"s:5:4:11:Infinity":0}}}
,"C:\\Users\\Sahil\\Desktop\\anti\\anti\\src\\components\\Navbar.jsx": {"path":"C:\\Users\\Sahil\\Desktop\\anti\\anti\\src\\components\\Navbar.jsx","statementMap":{"0":{"start":{"line":5,"column":10},"end":{"line":5,"column":null}},"1":{"start":{"line":7,"column":4},"end":{"line":31,"column":null}}},"fnMap":{"0":{"name":"Navbar","decl":{"start":{"line":4,"column":24},"end":{"line":4,"column":33}},"loc":{"start":{"line":4,"column":33},"end":{"line":33,"column":null}},"line":4}},"branchMap":{"0":{"loc":{"start":{"line":18,"column":81},"end":{"line":18,"column":162}},"type":"cond-expr","locations":[{"start":{"line":18,"column":109},"end":{"line":18,"column":127}},{"start":{"line":18,"column":127},"end":{"line":18,"column":162}}],"line":18},"1":{"loc":{"start":{"line":19,"column":89},"end":{"line":19,"column":178}},"type":"cond-expr","locations":[{"start":{"line":19,"column":125},"end":{"line":19,"column":143}},{"start":{"line":19,"column":143},"end":{"line":19,"column":178}}],"line":19},"2":{"loc":{"start":{"line":20,"column":86},"end":{"line":20,"column":172}},"type":"cond-expr","locations":[{"start":{"line":20,"column":119},"end":{"line":20,"column":137}},{"start":{"line":20,"column":137},"end":{"line":20,"column":172}}],"line":20}},"s":{"0":0,"1":0},"f":{"0":0},"b":{"0":[0,0],"1":[0,0],"2":[0,0]},"meta":{"lastBranch":3,"lastFunction":1,"lastStatement":2,"seen":{"f:4:24:4:33":0,"s:5:10:5:Infinity":0,"s:7:4:31:Infinity":1,"b:18:109:18:127:18:127:18:162":0,"b:19:125:19:143:19:143:19:178":1,"b:20:119:20:137:20:137:20:172":2}}}
,"C:\\Users\\Sahil\\Desktop\\anti\\anti\\src\\components\\ProtectedRoute.jsx": {"path":"C:\\Users\\Sahil\\Desktop\\anti\\anti\\src\\components\\ProtectedRoute.jsx","statementMap":{"0":{"start":{"line":5,"column":32},"end":{"line":5,"column":null}},"1":{"start":{"line":7,"column":4},"end":{"line":9,"column":null}},"2":{"start":{"line":8,"column":8},"end":{"line":8,"column":null}},"3":{"start":{"line":11,"column":4},"end":{"line":13,"column":null}},"4":{"start":{"line":12,"column":8},"end":{"line":12,"column":null}},"5":{"start":{"line":15,"column":4},"end":{"line":17,"column":null}},"6":{"start":{"line":16,"column":8},"end":{"line":16,"column":null}},"7":{"start":{"line":19,"column":4},"end":{"line":19,"column":null}}},"fnMap":{"0":{"name":"ProtectedRoute","decl":{"start":{"line":4,"column":24},"end":{"line":4,"column":39}},"loc":{"start":{"line":4,"column":57},"end":{"line":20,"column":null}},"line":4}},"branchMap":{"0":{"loc":{"start":{"line":7,"column":4},"end":{"line":9,"column":null}},"type":"if","locations":[{"start":{"line":7,"column":4},"end":{"line":9,"column":null}},{"start":{},"end":{}}],"line":7},"1":{"loc":{"start":{"line":11,"column":4},"end":{"line":13,"column":null}},"type":"if","locations":[{"start":{"line":11,"column":4},"end":{"line":13,"column":null}},{"start":{},"end":{}}],"line":11},"2":{"loc":{"start":{"line":15,"column":4},"end":{"line":17,"column":null}},"type":"if","locations":[{"start":{"line":15,"column":4},"end":{"line":17,"column":null}},{"start":{},"end":{}}],"line":15},"3":{"loc":{"start":{"line":15,"column":8},"end":{"line":15,"column":54}},"type":"binary-expr","locations":[{"start":{"line":15,"column":8},"end":{"line":15,"column":24}},{"start":{"line":15,"column":24},"end":{"line":15,"column":54}}],"line":15}},"s":{"0":0,"1":0,"2":0,"3":0,"4":0,"5":0,"6":0,"7":0},"f":{"0":0},"b":{"0":[0,0],"1":[0,0],"2":[0,0],"3":[0,0]},"meta":{"lastBranch":4,"lastFunction":1,"lastStatement":8,"seen":{"f:4:24:4:39":0,"s:5:32:5:Infinity":0,"b:7:4:9:Infinity:undefined:undefined:undefined:undefined":0,"s:7:4:9:Infinity":1,"s:8:8:8:Infinity":2,"b:11:4:13:Infinity:undefined:undefined:undefined:undefined":1,"s:11:4:13:Infinity":3,"s:12:8:12:Infinity":4,"b:15:4:17:Infinity:undefined:undefined:undefined:undefined":2,"s:15:4:17:Infinity":5,"b:15:8:15:24:15:24:15:54":3,"s:16:8:16:Infinity":6,"s:19:4:19:Infinity":7}}}
,"C:\\Users\\Sahil\\Desktop\\anti\\anti\\src\\components\\Sidebar.jsx": {"path":"C:\\Users\\Sahil\\Desktop\\anti\\anti\\src\\components\\Sidebar.jsx","statementMap":{"0":{"start":{"line":15,"column":41},"end":{"line":15,"column":null}},"1":{"start":{"line":16,"column":10},"end":{"line":16,"column":null}},"2":{"start":{"line":18,"column":23},"end":{"line":23,"column":null}},"3":{"start":{"line":25,"column":26},"end":{"line":31,"column":null}},"4":{"start":{"line":35,"column":16},"end":{"line":35,"column":null}},"5":{"start":{"line":36,"column":4},"end":{"line":42,"column":null}},"6":{"start":{"line":37,"column":8},"end":{"line":37,"column":null}},"7":{"start":{"line":39,"column":8},"end":{"line":41,"column":null}},"8":{"start":{"line":41,"column":40},"end":{"line":41,"column":62}},"9":{"start":{"line":44,"column":4},"end":{"line":92,"column":null}},"10":{"start":{"line":63,"column":33},"end":{"line":63,"column":null}},"11":{"start":{"line":64,"column":37},"end":{"line":64,"column":null}},"12":{"start":{"line":65,"column":20},"end":{"line":78,"column":null}}},"fnMap":{"0":{"name":"Sidebar","decl":{"start":{"line":14,"column":24},"end":{"line":14,"column":34}},"loc":{"start":{"line":14,"column":34},"end":{"line":94,"column":null}},"line":14},"1":{"name":"(anonymous_1)","decl":{"start":{"line":41,"column":35},"end":{"line":41,"column":40}},"loc":{"start":{"line":41,"column":40},"end":{"line":41,"column":62}},"line":41},"2":{"name":"(anonymous_2)","decl":{"start":{"line":62,"column":27},"end":{"line":62,"column":28}},"loc":{"start":{"line":62,"column":37},"end":{"line":80,"column":17}},"line":62}},"branchMap":{"0":{"loc":{"start":{"line":36,"column":4},"end":{"line":42,"column":null}},"type":"if","locations":[{"start":{"line":36,"column":4},"end":{"line":42,"column":null}},{"start":{"line":38,"column":11},"end":{"line":42,"column":null}}],"line":36},"1":{"loc":{"start":{"line":39,"column":16},"end":{"line":41,"column":null}},"type":"cond-expr","locations":[{"start":{"line":40,"column":14},"end":{"line":40,"column":null}},{"start":{"line":41,"column":14},"end":{"line":41,"column":null}}],"line":39},"2":{"loc":{"start":{"line":71,"column":32},"end":{"line":73,"column":null}},"type":"cond-expr","locations":[{"start":{"line":72,"column":38},"end":{"line":72,"column":null}},{"start":{"line":73,"column":38},"end":{"line":73,"column":null}}],"line":71},"3":{"loc":{"start":{"line":76,"column":93},"end":{"line":76,"column":158}},"type":"cond-expr","locations":[{"start":{"line":76,"column":104},"end":{"line":76,"column":119}},{"start":{"line":76,"column":119},"end":{"line":76,"column":158}}],"line":76}},"s":{"0":0,"1":0,"2":0,"3":0,"4":0,"5":0,"6":0,"7":0,"8":0,"9":0,"10":0,"11":0,"12":0},"f":{"0":0,"1":0,"2":0},"b":{"0":[0,0],"1":[0,0],"2":[0,0],"3":[0,0]},"meta":{"lastBranch":4,"lastFunction":3,"lastStatement":13,"seen":{"f:14:24:14:34":0,"s:15:41:15:Infinity":0,"s:16:10:16:Infinity":1,"s:18:23:23:Infinity":2,"s:25:26:31:Infinity":3,"s:35:16:35:Infinity":4,"b:36:4:42:Infinity:38:11:42:Infinity":0,"s:36:4:42:Infinity":5,"s:37:8:37:Infinity":6,"s:39:8:41:Infinity":7,"b:40:14:40:Infinity:41:14:41:Infinity":1,"f:41:35:41:40":1,"s:41:40:41:62":8,"s:44:4:92:Infinity":9,"f:62:27:62:28":2,"s:63:33:63:Infinity":10,"s:64:37:64:Infinity":11,"s:65:20:78:Infinity":12,"b:72:38:72:Infinity:73:38:73:Infinity":2,"b:76:104:76:119:76:119:76:158":3}}}
,"C:\\Users\\Sahil\\Desktop\\anti\\anti\\src\\context\\AuthContext.jsx": {"path":"C:\\Users\\Sahil\\Desktop\\anti\\anti\\src\\context\\AuthContext.jsx","statementMap":{"0":{"start":{"line":4,"column":6},"end":{"line":4,"column":null}},"1":{"start":{"line":6,"column":23},"end":{"line":6,"column":null}},"2":{"start":{"line":8,"column":28},"end":{"line":90,"column":null}},"3":{"start":{"line":9,"column":24},"end":{"line":9,"column":null}},"4":{"start":{"line":10,"column":30},"end":{"line":10,"column":null}},"5":{"start":{"line":11,"column":30},"end":{"line":11,"column":null}},"6":{"start":{"line":12,"column":24},"end":{"line":12,"column":null}},"7":{"start":{"line":13,"column":42},"end":{"line":13,"column":null}},"8":{"start":{"line":15,"column":4},"end":{"line":39,"column":null}},"9":{"start":{"line":16,"column":8},"end":{"line":24,"column":null}},"10":{"start":{"line":17,"column":12},"end":{"line":17,"column":null}},"11":{"start":{"line":18,"column":12},"end":{"line":18,"column":null}},"12":{"start":{"line":19,"column":12},"end":{"line":23,"column":null}},"13":{"start":{"line":20,"column":16},"end":{"line":20,"column":null}},"14":{"start":{"line":22,"column":16},"end":{"line":22,"column":null}},"15":{"start":{"line":26,"column":43},"end":{"line":36,"column":null}},"16":{"start":{"line":27,"column":12},"end":{"line":27,"column":null}},"17":{"start":{"line":28,"column":12},"end":{"line":28,"column":null}},"18":{"start":{"line":29,"column":12},"end":{"line":35,"column":null}},"19":{"start":{"line":30,"column":16},"end":{"line":30,"column":null}},"20":{"start":{"line":32,"column":16},"end":{"line":32,"column":null}},"21":{"start":{"line":33,"column":16},"end":{"line":33,"column":null}},"22":{"start":{"line":34,"column":16},"end":{"line":34,"column":null}},"23":{"start":{"line":38,"column":8},"end":{"line":38,"column":null}},"24":{"start":{"line":38,"column":21},"end":{"line":38,"column":null}},"25":{"start":{"line":41,"column":26},"end":{"line":72,"column":null}},"26":{"start":{"line":42,"column":8},"end":{"line":71,"column":null}},"27":{"start":{"line":44,"column":57},"end":{"line":48,"column":null}},"28":{"start":{"line":50,"column":12},"end":{"line":50,"column":null}},"29":{"start":{"line":50,"column":27},"end":{"line":50,"column":null}},"30":{"start":{"line":51,"column":12},"end":{"line":51,"column":null}},"31":{"start":{"line":54,"column":12},"end":{"line":65,"column":null}},"32":{"start":{"line":55,"column":43},"end":{"line":60,"column":null}},"33":{"start":{"line":62,"column":16},"end":{"line":62,"column":null}},"34":{"start":{"line":64,"column":16},"end":{"line":64,"column":null}},"35":{"start":{"line":68,"column":12},"end":{"line":68,"column":null}},"36":{"start":{"line":70,"column":12},"end":{"line":70,"column":null}},"37":{"start":{"line":74,"column":18},"end":{"line":83,"column":null}},"38":{"start":{"line":80,"column":26},"end":{"line":80,"column":null}},"39":{"start":{"line":81,"column":26},"end":{"line":81,"column":null}},"40":{"start":{"line":82,"column":23},"end":{"line":82,"column":null}},"41":{"start":{"line":85,"column":4},"end":{"line":88,"column":null}}},"fnMap":{"0":{"name":"(anonymous_0)","decl":{"start":{"line":6,"column":23},"end":{"line":6,"column":29}},"loc":{"start":{"line":6,"column":23},"end":{"line":6,"column":null}},"line":6},"1":{"name":"(anonymous_1)","decl":{"start":{"line":8,"column":28},"end":{"line":8,"column":29}},"loc":{"start":{"line":8,"column":46},"end":{"line":90,"column":null}},"line":8},"2":{"name":"(anonymous_2)","decl":{"start":{"line":15,"column":14},"end":{"line":15,"column":20}},"loc":{"start":{"line":15,"column":20},"end":{"line":39,"column":7}},"line":15},"3":{"name":"(anonymous_3)","decl":{"start":{"line":16,"column":40},"end":{"line":16,"column":41}},"loc":{"start":{"line":16,"column":67},"end":{"line":24,"column":9}},"line":16},"4":{"name":"(anonymous_4)","decl":{"start":{"line":26,"column":75},"end":{"line":26,"column":76}},"loc":{"start":{"line":26,"column":96},"end":{"line":36,"column":9}},"line":26},"5":{"name":"(anonymous_5)","decl":{"start":{"line":38,"column":15},"end":{"line":38,"column":21}},"loc":{"start":{"line":38,"column":21},"end":{"line":38,"column":null}},"line":38},"6":{"name":"(anonymous_6)","decl":{"start":{"line":41,"column":26},"end":{"line":41,"column":33}},"loc":{"start":{"line":41,"column":44},"end":{"line":72,"column":null}},"line":41},"7":{"name":"(anonymous_7)","decl":{"start":{"line":80,"column":16},"end":{"line":80,"column":17}},"loc":{"start":{"line":80,"column":26},"end":{"line":80,"column":null}},"line":80},"8":{"name":"(anonymous_8)","decl":{"start":{"line":81,"column":16},"end":{"line":81,"column":17}},"loc":{"start":{"line":81,"column":26},"end":{"line":81,"column":null}},"line":81},"9":{"name":"(anonymous_9)","decl":{"start":{"line":82,"column":17},"end":{"line":82,"column":23}},"loc":{"start":{"line":82,"column":23},"end":{"line":82,"column":null}},"line":82}},"branchMap":{"0":{"loc":{"start":{"line":18,"column":20},"end":{"line":18,"column":41}},"type":"binary-expr","locations":[{"start":{"line":18,"column":20},"end":{"line":18,"column":37}},{"start":{"line":18,"column":37},"end":{"line":18,"column":41}}],"line":18},"1":{"loc":{"start":{"line":19,"column":12},"end":{"line":23,"column":null}},"type":"if","locations":[{"start":{"line":19,"column":12},"end":{"line":23,"column":null}},{"start":{"line":21,"column":19},"end":{"line":23,"column":null}}],"line":19},"2":{"loc":{"start":{"line":28,"column":20},"end":{"line":28,"column":41}},"type":"binary-expr","locations":[{"start":{"line":28,"column":20},"end":{"line":28,"column":37}},{"start":{"line":28,"column":37},"end":{"line":28,"column":41}}],"line":28},"3":{"loc":{"start":{"line":29,"column":12},"end":{"line":35,"column":null}},"type":"if","locations":[{"start":{"line":29,"column":12},"end":{"line":35,"column":null}},{"start":{"line":31,"column":19},"end":{"line":35,"column":null}}],"line":29},"4":{"loc":{"start":{"line":50,"column":12},"end":{"line":50,"column":null}},"type":"if","locations":[{"start":{"line":50,"column":12},"end":{"line":50,"column":null}},{"start":{},"end":{}}],"line":50},"5":{"loc":{"start":{"line":54,"column":12},"end":{"line":65,"column":null}},"type":"if","locations":[{"start":{"line":54,"column":12},"end":{"line":65,"column":null}},{"start":{"line":63,"column":19},"end":{"line":65,"column":null}}],"line":54},"6":{"loc":{"start":{"line":87,"column":13},"end":{"line":87,"column":null}},"type":"binary-expr","locations":[{"start":{"line":87,"column":13},"end":{"line":87,"column":25}},{"start":{"line":87,"column":25},"end":{"line":87,"column":null}}],"line":87}},"s":{"0":1,"1":0,"2":1,"3":1,"4":1,"5":1,"6":1,"7":1,"8":1,"9":1,"10":1,"11":1,"12":1,"13":0,"14":1,"15":1,"16":0,"17":0,"18":0,"19":0,"20":0,"21":0,"22":0,"23":1,"24":1,"25":1,"26":0,"27":0,"28":0,"29":0,"30":0,"31":0,"32":0,"33":0,"34":0,"35":0,"36":0,"37":1,"38":0,"39":0,"40":0,"41":1},"f":{"0":0,"1":1,"2":1,"3":1,"4":0,"5":1,"6":0,"7":0,"8":0,"9":0},"b":{"0":[1,1],"1":[0,1],"2":[0,0],"3":[0,0],"4":[0,0],"5":[0,0],"6":[1,0]},"meta":{"lastBranch":7,"lastFunction":10,"lastStatement":42,"seen":{"s:4:6:4:Infinity":0,"s:6:23:6:Infinity":1,"f:6:23:6:29":0,"s:8:28:90:Infinity":2,"f:8:28:8:29":1,"s:9:24:9:Infinity":3,"s:10:30:10:Infinity":4,"s:11:30:11:Infinity":5,"s:12:24:12:Infinity":6,"s:13:42:13:Infinity":7,"s:15:4:39:Infinity":8,"f:15:14:15:20":2,"s:16:8:24:Infinity":9,"f:16:40:16:41":3,"s:17:12:17:Infinity":10,"s:18:12:18:Infinity":11,"b:18:20:18:37:18:37:18:41":0,"b:19:12:23:Infinity:21:19:23:Infinity":1,"s:19:12:23:Infinity":12,"s:20:16:20:Infinity":13,"s:22:16:22:Infinity":14,"s:26:43:36:Infinity":15,"f:26:75:26:76":4,"s:27:12:27:Infinity":16,"s:28:12:28:Infinity":17,"b:28:20:28:37:28:37:28:41":2,"b:29:12:35:Infinity:31:19:35:Infinity":3,"s:29:12:35:Infinity":18,"s:30:16:30:Infinity":19,"s:32:16:32:Infinity":20,"s:33:16:33:Infinity":21,"s:34:16:34:Infinity":22,"s:38:8:38:Infinity":23,"f:38:15:38:21":5,"s:38:21:38:Infinity":24,"s:41:26:72:Infinity":25,"f:41:26:41:33":6,"s:42:8:71:Infinity":26,"s:44:57:48:Infinity":27,"b:50:12:50:Infinity:undefined:undefined:undefined:undefined":4,"s:50:12:50:Infinity":28,"s:50:27:50:Infinity":29,"s:51:12:51:Infinity":30,"b:54:12:65:Infinity:63:19:65:Infinity":5,"s:54:12:65:Infinity":31,"s:55:43:60:Infinity":32,"s:62:16:62:Infinity":33,"s:64:16:64:Infinity":34,"s:68:12:68:Infinity":35,"s:70:12:70:Infinity":36,"s:74:18:83:Infinity":37,"f:80:16:80:17":7,"s:80:26:80:Infinity":38,"f:81:16:81:17":8,"s:81:26:81:Infinity":39,"f:82:17:82:23":9,"s:82:23:82:Infinity":40,"s:85:4:88:Infinity":41,"b:87:13:87:25:87:25:87:Infinity":6}}}
,"C:\\Users\\Sahil\\Desktop\\anti\\anti\\src\\lib\\supabase.js": {"path":"C:\\Users\\Sahil\\Desktop\\anti\\anti\\src\\lib\\supabase.js","statementMap":{"0":{"start":{"line":3,"column":20},"end":{"line":3,"column":53}},"1":{"start":{"line":4,"column":24},"end":{"line":4,"column":62}},"2":{"start":{"line":6,"column":23},"end":{"line":6,"column":66}}},"fnMap":{},"branchMap":{},"s":{"0":1,"1":1,"2":1},"f":{},"b":{},"meta":{"lastBranch":0,"lastFunction":0,"lastStatement":3,"seen":{"s:3:20:3:53":0,"s:4:24:4:62":1,"s:6:23:6:66":2}}}
,"C:\\Users\\Sahil\\Desktop\\anti\\anti\\src\\pages\\AboutPage.jsx": {"path":"C:\\Users\\Sahil\\Desktop\\anti\\anti\\src\\pages\\AboutPage.jsx","statementMap":{"0":{"start":{"line":5,"column":4},"end":{"line":50,"column":null}}},"fnMap":{"0":{"name":"AboutPage","decl":{"start":{"line":4,"column":24},"end":{"line":4,"column":36}},"loc":{"start":{"line":4,"column":36},"end":{"line":52,"column":null}},"line":4}},"branchMap":{},"s":{"0":0},"f":{"0":0},"b":{},"meta":{"lastBranch":0,"lastFunction":1,"lastStatement":1,"seen":{"f:4:24:4:36":0,"s:5:4:50:Infinity":0}}}
,"C:\\Users\\Sahil\\Desktop\\anti\\anti\\src\\pages\\FeaturesPage.jsx": {"path":"C:\\Users\\Sahil\\Desktop\\anti\\anti\\src\\pages\\FeaturesPage.jsx","statementMap":{"0":{"start":{"line":5,"column":4},"end":{"line":59,"column":null}},"1":{"start":{"line":35,"column":28},"end":{"line":41,"column":null}}},"fnMap":{"0":{"name":"FeaturesPage","decl":{"start":{"line":4,"column":24},"end":{"line":4,"column":39}},"loc":{"start":{"line":4,"column":39},"end":{"line":61,"column":null}},"line":4},"1":{"name":"(anonymous_1)","decl":{"start":{"line":34,"column":30},"end":{"line":34,"column":31}},"loc":{"start":{"line":35,"column":28},"end":{"line":41,"column":null}},"line":35}},"branchMap":{},"s":{"0":0,"1":0},"f":{"0":0,"1":0},"b":{},"meta":{"lastBranch":0,"lastFunction":2,"lastStatement":2,"seen":{"f:4:24:4:39":0,"s:5:4:59:Infinity":0,"f:34:30:34:31":1,"s:35:28:41:Infinity":1}}}
,"C:\\Users\\Sahil\\Desktop\\anti\\anti\\src\\pages\\LandingPage.jsx": {"path":"C:\\Users\\Sahil\\Desktop\\anti\\anti\\src\\pages\\LandingPage.jsx","statementMap":{"0":{"start":{"line":6,"column":4},"end":{"line":69,"column":null}}},"fnMap":{"0":{"name":"LandingPage","decl":{"start":{"line":5,"column":24},"end":{"line":5,"column":38}},"loc":{"start":{"line":5,"column":38},"end":{"line":71,"column":null}},"line":5}},"branchMap":{},"s":{"0":0},"f":{"0":0},"b":{},"meta":{"lastBranch":0,"lastFunction":1,"lastStatement":1,"seen":{"f:5:24:5:38":0,"s:6:4:69:Infinity":0}}}
,"C:\\Users\\Sahil\\Desktop\\anti\\anti\\src\\pages\\Login.jsx": {"path":"C:\\Users\\Sahil\\Desktop\\anti\\anti\\src\\pages\\Login.jsx","statementMap":{"0":{"start":{"line":7,"column":26},"end":{"line":7,"column":null}},"1":{"start":{"line":8,"column":32},"end":{"line":8,"column":null}},"2":{"start":{"line":9,"column":30},"end":{"line":9,"column":null}},"3":{"start":{"line":10,"column":19},"end":{"line":10,"column":null}},"4":{"start":{"line":11,"column":10},"end":{"line":11,"column":null}},"5":{"start":{"line":13,"column":25},"end":{"line":26,"column":null}},"6":{"start":{"line":14,"column":8},"end":{"line":14,"column":null}},"7":{"start":{"line":15,"column":8},"end":{"line":15,"column":null}},"8":{"start":{"line":16,"column":8},"end":{"line":25,"column":null}},"9":{"start":{"line":17,"column":30},"end":{"line":17,"column":null}},"10":{"start":{"line":18,"column":12},"end":{"line":18,"column":null}},"11":{"start":{"line":18,"column":23},"end":{"line":18,"column":null}},"12":{"start":{"line":19,"column":12},"end":{"line":19,"column":null}},"13":{"start":{"line":20,"column":12},"end":{"line":20,"column":null}},"14":{"start":{"line":22,"column":12},"end":{"line":22,"column":null}},"15":{"start":{"line":24,"column":12},"end":{"line":24,"column":null}},"16":{"start":{"line":28,"column":4},"end":{"line":91,"column":null}},"17":{"start":{"line":52,"column":45},"end":{"line":52,"column":null}},"18":{"start":{"line":63,"column":45},"end":{"line":63,"column":null}},"19":{"start":{"line":83,"column":43},"end":{"line":83,"column":null}}},"fnMap":{"0":{"name":"Login","decl":{"start":{"line":6,"column":24},"end":{"line":6,"column":32}},"loc":{"start":{"line":6,"column":32},"end":{"line":93,"column":null}},"line":6},"1":{"name":"(anonymous_1)","decl":{"start":{"line":13,"column":25},"end":{"line":13,"column":32}},"loc":{"start":{"line":13,"column":38},"end":{"line":26,"column":null}},"line":13},"2":{"name":"(anonymous_2)","decl":{"start":{"line":52,"column":38},"end":{"line":52,"column":39}},"loc":{"start":{"line":52,"column":45},"end":{"line":52,"column":null}},"line":52},"3":{"name":"(anonymous_3)","decl":{"start":{"line":63,"column":38},"end":{"line":63,"column":39}},"loc":{"start":{"line":63,"column":45},"end":{"line":63,"column":null}},"line":63},"4":{"name":"(anonymous_4)","decl":{"start":{"line":83,"column":37},"end":{"line":83,"column":43}},"loc":{"start":{"line":83,"column":43},"end":{"line":83,"column":null}},"line":83}},"branchMap":{"0":{"loc":{"start":{"line":18,"column":12},"end":{"line":18,"column":null}},"type":"if","locations":[{"start":{"line":18,"column":12},"end":{"line":18,"column":null}},{"start":{},"end":{}}],"line":18},"1":{"loc":{"start":{"line":74,"column":25},"end":{"line":74,"column":null}},"type":"cond-expr","locations":[{"start":{"line":74,"column":35},"end":{"line":74,"column":53}},{"start":{"line":74,"column":53},"end":{"line":74,"column":null}}],"line":74}},"s":{"0":0,"1":0,"2":0,"3":0,"4":0,"5":0,"6":0,"7":0,"8":0,"9":0,"10":0,"11":0,"12":0,"13":0,"14":0,"15":0,"16":0,"17":0,"18":0,"19":0},"f":{"0":0,"1":0,"2":0,"3":0,"4":0},"b":{"0":[0,0],"1":[0,0]},"meta":{"lastBranch":2,"lastFunction":5,"lastStatement":20,"seen":{"f:6:24:6:32":0,"s:7:26:7:Infinity":0,"s:8:32:8:Infinity":1,"s:9:30:9:Infinity":2,"s:10:19:10:Infinity":3,"s:11:10:11:Infinity":4,"s:13:25:26:Infinity":5,"f:13:25:13:32":1,"s:14:8:14:Infinity":6,"s:15:8:15:Infinity":7,"s:16:8:25:Infinity":8,"s:17:30:17:Infinity":9,"b:18:12:18:Infinity:undefined:undefined:undefined:undefined":0,"s:18:12:18:Infinity":10,"s:18:23:18:Infinity":11,"s:19:12:19:Infinity":12,"s:20:12:20:Infinity":13,"s:22:12:22:Infinity":14,"s:24:12:24:Infinity":15,"s:28:4:91:Infinity":16,"f:52:38:52:39":2,"s:52:45:52:Infinity":17,"f:63:38:63:39":3,"s:63:45:63:Infinity":18,"b:74:35:74:53:74:53:74:Infinity":1,"f:83:37:83:43":4,"s:83:43:83:Infinity":19}}}
,"C:\\Users\\Sahil\\Desktop\\anti\\anti\\src\\pages\\Signup.jsx": {"path":"C:\\Users\\Sahil\\Desktop\\anti\\anti\\src\\pages\\Signup.jsx","statementMap":{"0":{"start":{"line":7,"column":26},"end":{"line":7,"column":null}},"1":{"start":{"line":8,"column":32},"end":{"line":8,"column":null}},"2":{"start":{"line":9,"column":32},"end":{"line":9,"column":null}},"3":{"start":{"line":10,"column":30},"end":{"line":10,"column":null}},"4":{"start":{"line":11,"column":19},"end":{"line":11,"column":null}},"5":{"start":{"line":12,"column":10},"end":{"line":12,"column":null}},"6":{"start":{"line":14,"column":25},"end":{"line":35,"column":null}},"7":{"start":{"line":15,"column":8},"end":{"line":15,"column":null}},"8":{"start":{"line":16,"column":8},"end":{"line":16,"column":null}},"9":{"start":{"line":17,"column":8},"end":{"line":34,"column":null}},"10":{"start":{"line":18,"column":30},"end":{"line":26,"column":null}},"11":{"start":{"line":27,"column":12},"end":{"line":27,"column":null}},"12":{"start":{"line":27,"column":23},"end":{"line":27,"column":null}},"13":{"start":{"line":28,"column":12},"end":{"line":28,"column":null}},"14":{"start":{"line":29,"column":12},"end":{"line":29,"column":null}},"15":{"start":{"line":31,"column":12},"end":{"line":31,"column":null}},"16":{"start":{"line":33,"column":12},"end":{"line":33,"column":null}},"17":{"start":{"line":37,"column":4},"end":{"line":107,"column":null}},"18":{"start":{"line":61,"column":45},"end":{"line":61,"column":null}},"19":{"start":{"line":72,"column":45},"end":{"line":72,"column":null}},"20":{"start":{"line":83,"column":45},"end":{"line":83,"column":null}}},"fnMap":{"0":{"name":"Signup","decl":{"start":{"line":6,"column":24},"end":{"line":6,"column":33}},"loc":{"start":{"line":6,"column":33},"end":{"line":109,"column":null}},"line":6},"1":{"name":"(anonymous_1)","decl":{"start":{"line":14,"column":25},"end":{"line":14,"column":32}},"loc":{"start":{"line":14,"column":38},"end":{"line":35,"column":null}},"line":14},"2":{"name":"(anonymous_2)","decl":{"start":{"line":61,"column":38},"end":{"line":61,"column":39}},"loc":{"start":{"line":61,"column":45},"end":{"line":61,"column":null}},"line":61},"3":{"name":"(anonymous_3)","decl":{"start":{"line":72,"column":38},"end":{"line":72,"column":39}},"loc":{"start":{"line":72,"column":45},"end":{"line":72,"column":null}},"line":72},"4":{"name":"(anonymous_4)","decl":{"start":{"line":83,"column":38},"end":{"line":83,"column":39}},"loc":{"start":{"line":83,"column":45},"end":{"line":83,"column":null}},"line":83}},"branchMap":{"0":{"loc":{"start":{"line":27,"column":12},"end":{"line":27,"column":null}},"type":"if","locations":[{"start":{"line":27,"column":12},"end":{"line":27,"column":null}},{"start":{},"end":{}}],"line":27},"1":{"loc":{"start":{"line":31,"column":24},"end":{"line":31,"column":68}},"type":"binary-expr","locations":[{"start":{"line":31,"column":24},"end":{"line":31,"column":41}},{"start":{"line":31,"column":41},"end":{"line":31,"column":68}}],"line":31},"2":{"loc":{"start":{"line":94,"column":25},"end":{"line":94,"column":null}},"type":"cond-expr","locations":[{"start":{"line":94,"column":35},"end":{"line":94,"column":59}},{"start":{"line":94,"column":59},"end":{"line":94,"column":null}}],"line":94}},"s":{"0":0,"1":0,"2":0,"3":0,"4":0,"5":0,"6":0,"7":0,"8":0,"9":0,"10":0,"11":0,"12":0,"13":0,"14":0,"15":0,"16":0,"17":0,"18":0,"19":0,"20":0},"f":{"0":0,"1":0,"2":0,"3":0,"4":0},"b":{"0":[0,0],"1":[0,0],"2":[0,0]},"meta":{"lastBranch":3,"lastFunction":5,"lastStatement":21,"seen":{"f:6:24:6:33":0,"s:7:26:7:Infinity":0,"s:8:32:8:Infinity":1,"s:9:32:9:Infinity":2,"s:10:30:10:Infinity":3,"s:11:19:11:Infinity":4,"s:12:10:12:Infinity":5,"s:14:25:35:Infinity":6,"f:14:25:14:32":1,"s:15:8:15:Infinity":7,"s:16:8:16:Infinity":8,"s:17:8:34:Infinity":9,"s:18:30:26:Infinity":10,"b:27:12:27:Infinity:undefined:undefined:undefined:undefined":0,"s:27:12:27:Infinity":11,"s:27:23:27:Infinity":12,"s:28:12:28:Infinity":13,"s:29:12:29:Infinity":14,"s:31:12:31:Infinity":15,"b:31:24:31:41:31:41:31:68":1,"s:33:12:33:Infinity":16,"s:37:4:107:Infinity":17,"f:61:38:61:39":2,"s:61:45:61:Infinity":18,"f:72:38:72:39":3,"s:72:45:72:Infinity":19,"f:83:38:83:39":4,"s:83:45:83:Infinity":20,"b:94:35:94:59:94:59:94:Infinity":2}}}
,"C:\\Users\\Sahil\\Desktop\\anti\\anti\\src\\pages\\admin\\AdminDashboard.jsx": {"path":"C:\\Users\\Sahil\\Desktop\\anti\\anti\\src\\pages\\admin\\AdminDashboard.jsx","statementMap":{"0":{"start":{"line":8,"column":17},"end":{"line":8,"column":null}},"1":{"start":{"line":9,"column":26},"end":{"line":14,"column":null}},"2":{"start":{"line":15,"column":30},"end":{"line":15,"column":null}},"3":{"start":{"line":16,"column":32},"end":{"line":16,"column":null}},"4":{"start":{"line":18,"column":4},"end":{"line":21,"column":null}},"5":{"start":{"line":19,"column":8},"end":{"line":19,"column":null}},"6":{"start":{"line":20,"column":8},"end":{"line":20,"column":null}},"7":{"start":{"line":20,"column":18},"end":{"line":20,"column":null}},"8":{"start":{"line":23,"column":26},"end":{"line":30,"column":null}},"9":{"start":{"line":24,"column":25},"end":{"line":28,"column":null}},"10":{"start":{"line":29,"column":8},"end":{"line":29,"column":null}},"11":{"start":{"line":29,"column":29},"end":{"line":29,"column":null}},"12":{"start":{"line":32,"column":23},"end":{"line":71,"column":null}},"13":{"start":{"line":33,"column":8},"end":{"line":70,"column":null}},"14":{"start":{"line":35,"column":45},"end":{"line":38,"column":null}},"15":{"start":{"line":41,"column":46},"end":{"line":44,"column":null}},"16":{"start":{"line":47,"column":41},"end":{"line":49,"column":null}},"17":{"start":{"line":54,"column":41},"end":{"line":57,"column":null}},"18":{"start":{"line":59,"column":12},"end":{"line":64,"column":null}},"19":{"start":{"line":67,"column":12},"end":{"line":67,"column":null}},"20":{"start":{"line":69,"column":12},"end":{"line":69,"column":null}},"21":{"start":{"line":73,"column":4},"end":{"line":73,"column":null}},"22":{"start":{"line":73,"column":17},"end":{"line":73,"column":null}},"23":{"start":{"line":75,"column":22},"end":{"line":80,"column":null}},"24":{"start":{"line":82,"column":4},"end":{"line":171,"column":null}},"25":{"start":{"line":93,"column":33},"end":{"line":93,"column":null}},"26":{"start":{"line":94,"column":20},"end":{"line":108,"column":null}}},"fnMap":{"0":{"name":"AdminDashboard","decl":{"start":{"line":7,"column":24},"end":{"line":7,"column":41}},"loc":{"start":{"line":7,"column":41},"end":{"line":173,"column":null}},"line":7},"1":{"name":"(anonymous_1)","decl":{"start":{"line":18,"column":14},"end":{"line":18,"column":20}},"loc":{"start":{"line":18,"column":20},"end":{"line":21,"column":7}},"line":18},"2":{"name":"(anonymous_2)","decl":{"start":{"line":23,"column":26},"end":{"line":23,"column":38}},"loc":{"start":{"line":23,"column":38},"end":{"line":30,"column":null}},"line":23},"3":{"name":"(anonymous_3)","decl":{"start":{"line":32,"column":23},"end":{"line":32,"column":35}},"loc":{"start":{"line":32,"column":35},"end":{"line":71,"column":null}},"line":32},"4":{"name":"(anonymous_4)","decl":{"start":{"line":92,"column":31},"end":{"line":92,"column":32}},"loc":{"start":{"line":92,"column":41},"end":{"line":110,"column":17}},"line":92}},"branchMap":{"0":{"loc":{"start":{"line":20,"column":8},"end":{"line":20,"column":null}},"type":"if","locations":[{"start":{"line":20,"column":8},"end":{"line":20,"column":null}},{"start":{},"end":{}}],"line":20},"1":{"loc":{"start":{"line":29,"column":8},"end":{"line":29,"column":null}},"type":"if","locations":[{"start":{"line":29,"column":8},"end":{"line":29,"column":null}},{"start":{},"end":{}}],"line":29},"2":{"loc":{"start":{"line":60,"column":32},"end":{"line":60,"column":null}},"type":"binary-expr","locations":[{"start":{"line":60,"column":32},"end":{"line":60,"column":49}},{"start":{"line":60,"column":49},"end":{"line":60,"column":null}}],"line":60},"3":{"loc":{"start":{"line":61,"column":35},"end":{"line":61,"column":null}},"type":"binary-expr","locations":[{"start":{"line":61,"column":35},"end":{"line":61,"column":53}},{"start":{"line":61,"column":53},"end":{"line":61,"column":null}}],"line":61},"4":{"loc":{"start":{"line":62,"column":29},"end":{"line":62,"column":null}},"type":"binary-expr","locations":[{"start":{"line":62,"column":29},"end":{"line":62,"column":42}},{"start":{"line":62,"column":42},"end":{"line":62,"column":null}}],"line":62},"5":{"loc":{"start":{"line":63,"column":38},"end":{"line":63,"column":null}},"type":"binary-expr","locations":[{"start":{"line":63,"column":38},"end":{"line":63,"column":51}},{"start":{"line":63,"column":51},"end":{"line":63,"column":null}}],"line":63},"6":{"loc":{"start":{"line":73,"column":4},"end":{"line":73,"column":null}},"type":"if","locations":[{"start":{"line":73,"column":4},"end":{"line":73,"column":null}},{"start":{},"end":{}}],"line":73},"7":{"loc":{"start":{"line":87,"column":81},"end":{"line":87,"column":105}},"type":"binary-expr","locations":[{"start":{"line":87,"column":81},"end":{"line":87,"column":93}},{"start":{"line":87,"column":93},"end":{"line":87,"column":105}}],"line":87}},"s":{"0":0,"1":0,"2":0,"3":0,"4":0,"5":0,"6":0,"7":0,"8":0,"9":0,"10":0,"11":0,"12":0,"13":0,"14":0,"15":0,"16":0,"17":0,"18":0,"19":0,"20":0,"21":0,"22":0,"23":0,"24":0,"25":0,"26":0},"f":{"0":0,"1":0,"2":0,"3":0,"4":0},"b":{"0":[0,0],"1":[0,0],"2":[0,0],"3":[0,0],"4":[0,0],"5":[0,0],"6":[0,0],"7":[0,0]},"meta":{"lastBranch":8,"lastFunction":5,"lastStatement":27,"seen":{"f:7:24:7:41":0,"s:8:17:8:Infinity":0,"s:9:26:14:Infinity":1,"s:15:30:15:Infinity":2,"s:16:32:16:Infinity":3,"s:18:4:21:Infinity":4,"f:18:14:18:20":1,"s:19:8:19:Infinity":5,"b:20:8:20:Infinity:undefined:undefined:undefined:undefined":0,"s:20:8:20:Infinity":6,"s:20:18:20:Infinity":7,"s:23:26:30:Infinity":8,"f:23:26:23:38":2,"s:24:25:28:Infinity":9,"b:29:8:29:Infinity:undefined:undefined:undefined:undefined":1,"s:29:8:29:Infinity":10,"s:29:29:29:Infinity":11,"s:32:23:71:Infinity":12,"f:32:23:32:35":3,"s:33:8:70:Infinity":13,"s:35:45:38:Infinity":14,"s:41:46:44:Infinity":15,"s:47:41:49:Infinity":16,"s:54:41:57:Infinity":17,"s:59:12:64:Infinity":18,"b:60:32:60:49:60:49:60:Infinity":2,"b:61:35:61:53:61:53:61:Infinity":3,"b:62:29:62:42:62:42:62:Infinity":4,"b:63:38:63:51:63:51:63:Infinity":5,"s:67:12:67:Infinity":19,"s:69:12:69:Infinity":20,"b:73:4:73:Infinity:undefined:undefined:undefined:undefined":6,"s:73:4:73:Infinity":21,"s:73:17:73:Infinity":22,"s:75:22:80:Infinity":23,"s:82:4:171:Infinity":24,"b:87:81:87:93:87:93:87:105":7,"f:92:31:92:32":4,"s:93:33:93:Infinity":25,"s:94:20:108:Infinity":26}}}
,"C:\\Users\\Sahil\\Desktop\\anti\\anti\\src\\pages\\admin\\AdminPromotions.jsx": {"path":"C:\\Users\\Sahil\\Desktop\\anti\\anti\\src\\pages\\admin\\AdminPromotions.jsx","statementMap":{"0":{"start":{"line":7,"column":32},"end":{"line":7,"column":null}},"1":{"start":{"line":8,"column":30},"end":{"line":8,"column":null}},"2":{"start":{"line":9,"column":36},"end":{"line":9,"column":null}},"3":{"start":{"line":10,"column":46},"end":{"line":10,"column":null}},"4":{"start":{"line":11,"column":36},"end":{"line":11,"column":null}},"5":{"start":{"line":12,"column":42},"end":{"line":12,"column":null}},"6":{"start":{"line":14,"column":4},"end":{"line":16,"column":null}},"7":{"start":{"line":15,"column":8},"end":{"line":15,"column":null}},"8":{"start":{"line":18,"column":26},"end":{"line":46,"column":null}},"9":{"start":{"line":19,"column":8},"end":{"line":45,"column":null}},"10":{"start":{"line":20,"column":12},"end":{"line":20,"column":null}},"11":{"start":{"line":21,"column":36},"end":{"line":30,"column":null}},"12":{"start":{"line":32,"column":12},"end":{"line":36,"column":null}},"13":{"start":{"line":33,"column":16},"end":{"line":33,"column":null}},"14":{"start":{"line":34,"column":16},"end":{"line":34,"column":null}},"15":{"start":{"line":35,"column":16},"end":{"line":35,"column":null}},"16":{"start":{"line":38,"column":12},"end":{"line":38,"column":null}},"17":{"start":{"line":39,"column":12},"end":{"line":39,"column":null}},"18":{"start":{"line":41,"column":12},"end":{"line":41,"column":null}},"19":{"start":{"line":44,"column":12},"end":{"line":44,"column":null}},"20":{"start":{"line":48,"column":28},"end":{"line":96,"column":null}},"21":{"start":{"line":49,"column":8},"end":{"line":49,"column":null}},"22":{"start":{"line":50,"column":8},"end":{"line":50,"column":null}},"23":{"start":{"line":51,"column":8},"end":{"line":95,"column":null}},"24":{"start":{"line":53,"column":61},"end":{"line":56,"column":null}},"25":{"start":{"line":58,"column":12},"end":{"line":58,"column":null}},"26":{"start":{"line":58,"column":29},"end":{"line":58,"column":null}},"27":{"start":{"line":61,"column":61},"end":{"line":65,"column":null}},"28":{"start":{"line":65,"column":53},"end":{"line":65,"column":64}},"29":{"start":{"line":67,"column":12},"end":{"line":67,"column":null}},"30":{"start":{"line":67,"column":31},"end":{"line":67,"column":null}},"31":{"start":{"line":70,"column":31},"end":{"line":86,"column":null}},"32":{"start":{"line":71,"column":32},"end":{"line":71,"column":null}},"33":{"start":{"line":71,"column":51},"end":{"line":71,"column":89}},"34":{"start":{"line":73,"column":36},"end":{"line":75,"column":null}},"35":{"start":{"line":74,"column":33},"end":{"line":74,"column":59}},"36":{"start":{"line":75,"column":36},"end":{"line":75,"column":53}},"37":{"start":{"line":77,"column":16},"end":{"line":85,"column":null}},"38":{"start":{"line":88,"column":12},"end":{"line":88,"column":null}},"39":{"start":{"line":91,"column":12},"end":{"line":91,"column":null}},"40":{"start":{"line":92,"column":12},"end":{"line":92,"column":null}},"41":{"start":{"line":94,"column":12},"end":{"line":94,"column":null}},"42":{"start":{"line":98,"column":25},"end":{"line":106,"column":null}},"43":{"start":{"line":99,"column":8},"end":{"line":105,"column":null}},"44":{"start":{"line":100,"column":12},"end":{"line":100,"column":null}},"45":{"start":{"line":101,"column":12},"end":{"line":101,"column":null}},"46":{"start":{"line":103,"column":12},"end":{"line":103,"column":null}},"47":{"start":{"line":104,"column":12},"end":{"line":104,"column":null}},"48":{"start":{"line":108,"column":25},"end":{"line":160,"column":null}},"49":{"start":{"line":109,"column":8},"end":{"line":109,"column":null}},"50":{"start":{"line":110,"column":8},"end":{"line":159,"column":null}},"51":{"start":{"line":111,"column":12},"end":{"line":148,"column":null}},"52":{"start":{"line":113,"column":44},"end":{"line":116,"column":null}},"53":{"start":{"line":118,"column":16},"end":{"line":118,"column":null}},"54":{"start":{"line":118,"column":30},"end":{"line":118,"column":null}},"55":{"start":{"line":121,"column":16},"end":{"line":125,"column":null}},"56":{"start":{"line":128,"column":45},"end":{"line":134,"column":null}},"57":{"start":{"line":136,"column":16},"end":{"line":136,"column":null}},"58":{"start":{"line":136,"column":31},"end":{"line":136,"column":null}},"59":{"start":{"line":138,"column":16},"end":{"line":138,"column":null}},"60":{"start":{"line":141,"column":34},"end":{"line":144,"column":null}},"61":{"start":{"line":146,"column":16},"end":{"line":146,"column":null}},"62":{"start":{"line":146,"column":27},"end":{"line":146,"column":null}},"63":{"start":{"line":147,"column":16},"end":{"line":147,"column":null}},"64":{"start":{"line":151,"column":12},"end":{"line":151,"column":null}},"65":{"start":{"line":152,"column":12},"end":{"line":152,"column":null}},"66":{"start":{"line":155,"column":12},"end":{"line":155,"column":null}},"67":{"start":{"line":156,"column":12},"end":{"line":156,"column":null}},"68":{"start":{"line":158,"column":12},"end":{"line":158,"column":null}},"69":{"start":{"line":162,"column":4},"end":{"line":165,"column":null}},"70":{"start":{"line":162,"column":17},"end":{"line":165,"column":null}},"71":{"start":{"line":168,"column":4},"end":{"line":327,"column":null}},"72":{"start":{"line":186,"column":24},"end":{"line":323,"column":null}},"73":{"start":{"line":215,"column":59},"end":{"line":215,"column":null}},"74":{"start":{"line":256,"column":60},"end":{"line":277,"column":null}},"75":{"start":{"line":286,"column":75},"end":{"line":286,"column":83}},"76":{"start":{"line":300,"column":71},"end":{"line":300,"column":null}},"77":{"start":{"line":308,"column":71},"end":{"line":308,"column":null}}},"fnMap":{"0":{"name":"AdminPromotions","decl":{"start":{"line":6,"column":24},"end":{"line":6,"column":42}},"loc":{"start":{"line":6,"column":42},"end":{"line":329,"column":null}},"line":6},"1":{"name":"(anonymous_1)","decl":{"start":{"line":14,"column":14},"end":{"line":14,"column":20}},"loc":{"start":{"line":14,"column":20},"end":{"line":16,"column":7}},"line":14},"2":{"name":"(anonymous_2)","decl":{"start":{"line":18,"column":26},"end":{"line":18,"column":38}},"loc":{"start":{"line":18,"column":38},"end":{"line":46,"column":null}},"line":18},"3":{"name":"(anonymous_3)","decl":{"start":{"line":48,"column":28},"end":{"line":48,"column":35}},"loc":{"start":{"line":48,"column":47},"end":{"line":96,"column":null}},"line":48},"4":{"name":"(anonymous_4)","decl":{"start":{"line":65,"column":47},"end":{"line":65,"column":53}},"loc":{"start":{"line":65,"column":53},"end":{"line":65,"column":64}},"line":65},"5":{"name":"(anonymous_5)","decl":{"start":{"line":70,"column":46},"end":{"line":70,"column":52}},"loc":{"start":{"line":70,"column":52},"end":{"line":86,"column":13}},"line":70},"6":{"name":"(anonymous_6)","decl":{"start":{"line":71,"column":46},"end":{"line":71,"column":51}},"loc":{"start":{"line":71,"column":51},"end":{"line":71,"column":89}},"line":71},"7":{"name":"(anonymous_7)","decl":{"start":{"line":74,"column":28},"end":{"line":74,"column":33}},"loc":{"start":{"line":74,"column":33},"end":{"line":74,"column":59}},"line":74},"8":{"name":"(anonymous_8)","decl":{"start":{"line":75,"column":26},"end":{"line":75,"column":27}},"loc":{"start":{"line":75,"column":36},"end":{"line":75,"column":53}},"line":75},"9":{"name":"(anonymous_9)","decl":{"start":{"line":98,"column":25},"end":{"line":98,"column":26}},"loc":{"start":{"line":98,"column":38},"end":{"line":106,"column":null}},"line":98},"10":{"name":"(anonymous_10)","decl":{"start":{"line":108,"column":25},"end":{"line":108,"column":32}},"loc":{"start":{"line":108,"column":73},"end":{"line":160,"column":null}},"line":108},"11":{"name":"(anonymous_11)","decl":{"start":{"line":185,"column":34},"end":{"line":185,"column":35}},"loc":{"start":{"line":186,"column":24},"end":{"line":323,"column":null}},"line":186},"12":{"name":"(anonymous_12)","decl":{"start":{"line":215,"column":53},"end":{"line":215,"column":59}},"loc":{"start":{"line":215,"column":59},"end":{"line":215,"column":null}},"line":215},"13":{"name":"(anonymous_13)","decl":{"start":{"line":255,"column":72},"end":{"line":255,"column":73}},"loc":{"start":{"line":256,"column":60},"end":{"line":277,"column":null}},"line":256},"14":{"name":"(anonymous_14)","decl":{"start":{"line":286,"column":70},"end":{"line":286,"column":75}},"loc":{"start":{"line":286,"column":75},"end":{"line":286,"column":83}},"line":286},"15":{"name":"(anonymous_15)","decl":{"start":{"line":300,"column":65},"end":{"line":300,"column":71}},"loc":{"start":{"line":300,"column":71},"end":{"line":300,"column":null}},"line":300},"16":{"name":"(anonymous_16)","decl":{"start":{"line":308,"column":65},"end":{"line":308,"column":71}},"loc":{"start":{"line":308,"column":71},"end":{"line":308,"column":null}},"line":308}},"branchMap":{"0":{"loc":{"start":{"line":32,"column":12},"end":{"line":36,"column":null}},"type":"if","locations":[{"start":{"line":32,"column":12},"end":{"line":36,"column":null}},{"start":{},"end":{}}],"line":32},"1":{"loc":{"start":{"line":58,"column":12},"end":{"line":58,"column":null}},"type":"if","locations":[{"start":{"line":58,"column":12},"end":{"line":58,"column":null}},{"start":{},"end":{}}],"line":58},"2":{"loc":{"start":{"line":67,"column":12},"end":{"line":67,"column":null}},"type":"if","locations":[{"start":{"line":67,"column":12},"end":{"line":67,"column":null}},{"start":{},"end":{}}],"line":67},"3":{"loc":{"start":{"line":71,"column":51},"end":{"line":71,"column":89}},"type":"binary-expr","locations":[{"start":{"line":71,"column":51},"end":{"line":71,"column":81}},{"start":{"line":71,"column":81},"end":{"line":71,"column":89}}],"line":71},"4":{"loc":{"start":{"line":83,"column":27},"end":{"line":83,"column":null}},"type":"cond-expr","locations":[{"start":{"line":83,"column":41},"end":{"line":83,"column":61}},{"start":{"line":83,"column":61},"end":{"line":83,"column":null}}],"line":83},"5":{"loc":{"start":{"line":84,"column":37},"end":{"line":84,"column":null}},"type":"cond-expr","locations":[{"start":{"line":84,"column":51},"end":{"line":84,"column":78}},{"start":{"line":84,"column":78},"end":{"line":84,"column":null}}],"line":84},"6":{"loc":{"start":{"line":99,"column":8},"end":{"line":105,"column":null}},"type":"if","locations":[{"start":{"line":99,"column":8},"end":{"line":105,"column":null}},{"start":{"line":102,"column":15},"end":{"line":105,"column":null}}],"line":99},"7":{"loc":{"start":{"line":111,"column":12},"end":{"line":148,"column":null}},"type":"if","locations":[{"start":{"line":111,"column":12},"end":{"line":148,"column":null}},{"start":{"line":139,"column":19},"end":{"line":148,"column":null}}],"line":111},"8":{"loc":{"start":{"line":118,"column":16},"end":{"line":118,"column":null}},"type":"if","locations":[{"start":{"line":118,"column":16},"end":{"line":118,"column":null}},{"start":{},"end":{}}],"line":118},"9":{"loc":{"start":{"line":136,"column":16},"end":{"line":136,"column":null}},"type":"if","locations":[{"start":{"line":136,"column":16},"end":{"line":136,"column":null}},{"start":{},"end":{}}],"line":136},"10":{"loc":{"start":{"line":146,"column":16},"end":{"line":146,"column":null}},"type":"if","locations":[{"start":{"line":146,"column":16},"end":{"line":146,"column":null}},{"start":{},"end":{}}],"line":146},"11":{"loc":{"start":{"line":162,"column":4},"end":{"line":165,"column":null}},"type":"if","locations":[{"start":{"line":162,"column":4},"end":{"line":165,"column":null}},{"start":{},"end":{}}],"line":162},"12":{"loc":{"start":{"line":175,"column":13},"end":{"line":325,"column":null}},"type":"cond-expr","locations":[{"start":{"line":176,"column":16},"end":{"line":182,"column":null}},{"start":{"line":184,"column":16},"end":{"line":325,"column":null}}],"line":175},"13":{"loc":{"start":{"line":192,"column":49},"end":{"line":192,"column":null}},"type":"binary-expr","locations":[{"start":{"line":192,"column":49},"end":{"line":192,"column":76}},{"start":{"line":192,"column":76},"end":{"line":192,"column":null}}],"line":192},"14":{"loc":{"start":{"line":218,"column":45},"end":{"line":218,"column":null}},"type":"cond-expr","locations":[{"start":{"line":218,"column":78},"end":{"line":218,"column":95}},{"start":{"line":218,"column":95},"end":{"line":218,"column":null}}],"line":218},"15":{"loc":{"start":{"line":219,"column":45},"end":{"line":222,"column":null}},"type":"cond-expr","locations":[{"start":{"line":220,"column":48},"end":{"line":220,"column":null}},{"start":{"line":222,"column":48},"end":{"line":222,"column":null}}],"line":219},"16":{"loc":{"start":{"line":230,"column":29},"end":{"line":321,"column":null}},"type":"binary-expr","locations":[{"start":{"line":230,"column":29},"end":{"line":230,"column":null}},{"start":{"line":231,"column":32},"end":{"line":321,"column":null}}],"line":230},"17":{"loc":{"start":{"line":236,"column":37},"end":{"line":319,"column":null}},"type":"cond-expr","locations":[{"start":{"line":237,"column":40},"end":{"line":240,"column":null}},{"start":{"line":241,"column":40},"end":{"line":319,"column":null}}],"line":236},"18":{"loc":{"start":{"line":241,"column":40},"end":{"line":319,"column":null}},"type":"cond-expr","locations":[{"start":{"line":242,"column":40},"end":{"line":317,"column":null}},{"start":{"line":319,"column":40},"end":{"line":319,"column":null}}],"line":241},"19":{"loc":{"start":{"line":261,"column":69},"end":{"line":268,"column":null}},"type":"cond-expr","locations":[{"start":{"line":262,"column":72},"end":{"line":264,"column":null}},{"start":{"line":266,"column":72},"end":{"line":268,"column":null}}],"line":261},"20":{"loc":{"start":{"line":272,"column":69},"end":{"line":272,"column":null}},"type":"cond-expr","locations":[{"start":{"line":272,"column":91},"end":{"line":272,"column":154}},{"start":{"line":272,"column":154},"end":{"line":272,"column":null}}],"line":272},"21":{"loc":{"start":{"line":275,"column":69},"end":{"line":275,"column":null}},"type":"cond-expr","locations":[{"start":{"line":275,"column":92},"end":{"line":275,"column":146}},{"start":{"line":275,"column":146},"end":{"line":275,"column":null}}],"line":275},"22":{"loc":{"start":{"line":286,"column":53},"end":{"line":295,"column":null}},"type":"cond-expr","locations":[{"start":{"line":287,"column":56},"end":{"line":290,"column":null}},{"start":{"line":292,"column":56},"end":{"line":295,"column":null}}],"line":286}},"s":{"0":0,"1":0,"2":0,"3":0,"4":0,"5":0,"6":0,"7":0,"8":0,"9":0,"10":0,"11":0,"12":0,"13":0,"14":0,"15":0,"16":0,"17":0,"18":0,"19":0,"20":0,"21":0,"22":0,"23":0,"24":0,"25":0,"26":0,"27":0,"28":0,"29":0,"30":0,"31":0,"32":0,"33":0,"34":0,"35":0,"36":0,"37":0,"38":0,"39":0,"40":0,"41":0,"42":0,"43":0,"44":0,"45":0,"46":0,"47":0,"48":0,"49":0,"50":0,"51":0,"52":0,"53":0,"54":0,"55":0,"56":0,"57":0,"58":0,"59":0,"60":0,"61":0,"62":0,"63":0,"64":0,"65":0,"66":0,"67":0,"68":0,"69":0,"70":0,"71":0,"72":0,"73":0,"74":0,"75":0,"76":0,"77":0},"f":{"0":0,"1":0,"2":0,"3":0,"4":0,"5":0,"6":0,"7":0,"8":0,"9":0,"10":0,"11":0,"12":0,"13":0,"14":0,"15":0,"16":0},"b":{"0":[0,0],"1":[0,0],"2":[0,0],"3":[0,0],"4":[0,0],"5":[0,0],"6":[0,0],"7":[0,0],"8":[0,0],"9":[0,0],"10":[0,0],"11":[0,0],"12":[0,0],"13":[0,0],"14":[0,0],"15":[0,0],"16":[0,0],"17":[0,0],"18":[0,0],"19":[0,0],"20":[0,0],"21":[0,0],"22":[0,0]},"meta":{"lastBranch":23,"lastFunction":17,"lastStatement":78,"seen":{"f:6:24:6:42":0,"s:7:32:7:Infinity":0,"s:8:30:8:Infinity":1,"s:9:36:9:Infinity":2,"s:10:46:10:Infinity":3,"s:11:36:11:Infinity":4,"s:12:42:12:Infinity":5,"s:14:4:16:Infinity":6,"f:14:14:14:20":1,"s:15:8:15:Infinity":7,"s:18:26:46:Infinity":8,"f:18:26:18:38":2,"s:19:8:45:Infinity":9,"s:20:12:20:Infinity":10,"s:21:36:30:Infinity":11,"b:32:12:36:Infinity:undefined:undefined:undefined:undefined":0,"s:32:12:36:Infinity":12,"s:33:16:33:Infinity":13,"s:34:16:34:Infinity":14,"s:35:16:35:Infinity":15,"s:38:12:38:Infinity":16,"s:39:12:39:Infinity":17,"s:41:12:41:Infinity":18,"s:44:12:44:Infinity":19,"s:48:28:96:Infinity":20,"f:48:28:48:35":3,"s:49:8:49:Infinity":21,"s:50:8:50:Infinity":22,"s:51:8:95:Infinity":23,"s:53:61:56:Infinity":24,"b:58:12:58:Infinity:undefined:undefined:undefined:undefined":1,"s:58:12:58:Infinity":25,"s:58:29:58:Infinity":26,"s:61:61:65:Infinity":27,"f:65:47:65:53":4,"s:65:53:65:64":28,"b:67:12:67:Infinity:undefined:undefined:undefined:undefined":2,"s:67:12:67:Infinity":29,"s:67:31:67:Infinity":30,"s:70:31:86:Infinity":31,"f:70:46:70:52":5,"s:71:32:71:Infinity":32,"f:71:46:71:51":6,"s:71:51:71:89":33,"b:71:51:71:81:71:81:71:89":3,"s:73:36:75:Infinity":34,"f:74:28:74:33":7,"s:74:33:74:59":35,"f:75:26:75:27":8,"s:75:36:75:53":36,"s:77:16:85:Infinity":37,"b:83:41:83:61:83:61:83:Infinity":4,"b:84:51:84:78:84:78:84:Infinity":5,"s:88:12:88:Infinity":38,"s:91:12:91:Infinity":39,"s:92:12:92:Infinity":40,"s:94:12:94:Infinity":41,"s:98:25:106:Infinity":42,"f:98:25:98:26":9,"b:99:8:105:Infinity:102:15:105:Infinity":6,"s:99:8:105:Infinity":43,"s:100:12:100:Infinity":44,"s:101:12:101:Infinity":45,"s:103:12:103:Infinity":46,"s:104:12:104:Infinity":47,"s:108:25:160:Infinity":48,"f:108:25:108:32":10,"s:109:8:109:Infinity":49,"s:110:8:159:Infinity":50,"b:111:12:148:Infinity:139:19:148:Infinity":7,"s:111:12:148:Infinity":51,"s:113:44:116:Infinity":52,"b:118:16:118:Infinity:undefined:undefined:undefined:undefined":8,"s:118:16:118:Infinity":53,"s:118:30:118:Infinity":54,"s:121:16:125:Infinity":55,"s:128:45:134:Infinity":56,"b:136:16:136:Infinity:undefined:undefined:undefined:undefined":9,"s:136:16:136:Infinity":57,"s:136:31:136:Infinity":58,"s:138:16:138:Infinity":59,"s:141:34:144:Infinity":60,"b:146:16:146:Infinity:undefined:undefined:undefined:undefined":10,"s:146:16:146:Infinity":61,"s:146:27:146:Infinity":62,"s:147:16:147:Infinity":63,"s:151:12:151:Infinity":64,"s:152:12:152:Infinity":65,"s:155:12:155:Infinity":66,"s:156:12:156:Infinity":67,"s:158:12:158:Infinity":68,"b:162:4:165:Infinity:undefined:undefined:undefined:undefined":11,"s:162:4:165:Infinity":69,"s:162:17:165:Infinity":70,"s:168:4:327:Infinity":71,"b:176:16:182:Infinity:184:16:325:Infinity":12,"f:185:34:185:35":11,"s:186:24:323:Infinity":72,"b:192:49:192:76:192:76:192:Infinity":13,"f:215:53:215:59":12,"s:215:59:215:Infinity":73,"b:218:78:218:95:218:95:218:Infinity":14,"b:220:48:220:Infinity:222:48:222:Infinity":15,"b:230:29:230:Infinity:231:32:321:Infinity":16,"b:237:40:240:Infinity:241:40:319:Infinity":17,"b:242:40:317:Infinity:319:40:319:Infinity":18,"f:255:72:255:73":13,"s:256:60:277:Infinity":74,"b:262:72:264:Infinity:266:72:268:Infinity":19,"b:272:91:272:154:272:154:272:Infinity":20,"b:275:92:275:146:275:146:275:Infinity":21,"b:287:56:290:Infinity:292:56:295:Infinity":22,"f:286:70:286:75":14,"s:286:75:286:83":75,"f:300:65:300:71":15,"s:300:71:300:Infinity":76,"f:308:65:308:71":16,"s:308:71:308:Infinity":77}}}
,"C:\\Users\\Sahil\\Desktop\\anti\\anti\\src\\pages\\admin\\EmployeeList.jsx": {"path":"C:\\Users\\Sahil\\Desktop\\anti\\anti\\src\\pages\\admin\\EmployeeList.jsx","statementMap":{"0":{"start":{"line":7,"column":34},"end":{"line":7,"column":null}},"1":{"start":{"line":8,"column":26},"end":{"line":8,"column":null}},"2":{"start":{"line":9,"column":30},"end":{"line":9,"column":null}},"3":{"start":{"line":10,"column":32},"end":{"line":10,"column":null}},"4":{"start":{"line":12,"column":4},"end":{"line":14,"column":null}},"5":{"start":{"line":13,"column":8},"end":{"line":13,"column":null}},"6":{"start":{"line":16,"column":22},"end":{"line":62,"column":null}},"7":{"start":{"line":17,"column":8},"end":{"line":61,"column":null}},"8":{"start":{"line":19,"column":59},"end":{"line":23,"column":null}},"9":{"start":{"line":25,"column":12},"end":{"line":25,"column":null}},"10":{"start":{"line":25,"column":28},"end":{"line":25,"column":null}},"11":{"start":{"line":28,"column":59},"end":{"line":31,"column":null}},"12":{"start":{"line":33,"column":12},"end":{"line":33,"column":null}},"13":{"start":{"line":33,"column":28},"end":{"line":33,"column":null}},"14":{"start":{"line":34,"column":12},"end":{"line":34,"column":null}},"15":{"start":{"line":37,"column":71},"end":{"line":40,"column":null}},"16":{"start":{"line":42,"column":12},"end":{"line":42,"column":null}},"17":{"start":{"line":42,"column":34},"end":{"line":42,"column":null}},"18":{"start":{"line":45,"column":36},"end":{"line":52,"column":null}},"19":{"start":{"line":46,"column":35},"end":{"line":46,"column":null}},"20":{"start":{"line":46,"column":61},"end":{"line":46,"column":82}},"21":{"start":{"line":47,"column":16},"end":{"line":51,"column":null}},"22":{"start":{"line":54,"column":12},"end":{"line":54,"column":null}},"23":{"start":{"line":57,"column":12},"end":{"line":57,"column":null}},"24":{"start":{"line":58,"column":12},"end":{"line":58,"column":null}},"25":{"start":{"line":60,"column":12},"end":{"line":60,"column":null}},"26":{"start":{"line":64,"column":29},"end":{"line":68,"column":null}},"27":{"start":{"line":65,"column":8},"end":{"line":67,"column":null}},"28":{"start":{"line":65,"column":29},"end":{"line":67,"column":9}},"29":{"start":{"line":66,"column":12},"end":{"line":66,"column":null}},"30":{"start":{"line":70,"column":21},"end":{"line":114,"column":null}},"31":{"start":{"line":71,"column":8},"end":{"line":71,"column":null}},"32":{"start":{"line":71,"column":88},"end":{"line":71,"column":null}},"33":{"start":{"line":73,"column":8},"end":{"line":73,"column":null}},"34":{"start":{"line":74,"column":8},"end":{"line":113,"column":null}},"35":{"start":{"line":76,"column":12},"end":{"line":82,"column":null}},"36":{"start":{"line":77,"column":16},"end":{"line":81,"column":null}},"37":{"start":{"line":85,"column":30},"end":{"line":91,"column":null}},"38":{"start":{"line":93,"column":12},"end":{"line":93,"column":null}},"39":{"start":{"line":93,"column":23},"end":{"line":93,"column":null}},"40":{"start":{"line":95,"column":12},"end":{"line":95,"column":null}},"41":{"start":{"line":98,"column":33},"end":{"line":98,"column":null}},"42":{"start":{"line":98,"column":49},"end":{"line":98,"column":78}},"43":{"start":{"line":99,"column":12},"end":{"line":106,"column":null}},"44":{"start":{"line":99,"column":33},"end":{"line":106,"column":13}},"45":{"start":{"line":100,"column":16},"end":{"line":105,"column":null}},"46":{"start":{"line":109,"column":12},"end":{"line":109,"column":null}},"47":{"start":{"line":110,"column":12},"end":{"line":110,"column":null}},"48":{"start":{"line":112,"column":12},"end":{"line":112,"column":null}},"49":{"start":{"line":116,"column":4},"end":{"line":119,"column":null}},"50":{"start":{"line":116,"column":17},"end":{"line":119,"column":null}},"51":{"start":{"line":122,"column":4},"end":{"line":200,"column":null}},"52":{"start":{"line":149,"column":28},"end":{"line":195,"column":null}},"53":{"start":{"line":173,"column":61},"end":{"line":173,"column":null}},"54":{"start":{"line":178,"column":48},"end":{"line":178,"column":null}},"55":{"start":{"line":186,"column":59},"end":{"line":186,"column":null}}},"fnMap":{"0":{"name":"EmployeeList","decl":{"start":{"line":6,"column":24},"end":{"line":6,"column":39}},"loc":{"start":{"line":6,"column":39},"end":{"line":202,"column":null}},"line":6},"1":{"name":"(anonymous_1)","decl":{"start":{"line":12,"column":14},"end":{"line":12,"column":20}},"loc":{"start":{"line":12,"column":20},"end":{"line":14,"column":7}},"line":12},"2":{"name":"(anonymous_2)","decl":{"start":{"line":16,"column":22},"end":{"line":16,"column":34}},"loc":{"start":{"line":16,"column":34},"end":{"line":62,"column":null}},"line":16},"3":{"name":"(anonymous_3)","decl":{"start":{"line":45,"column":50},"end":{"line":45,"column":58}},"loc":{"start":{"line":45,"column":58},"end":{"line":52,"column":13}},"line":45},"4":{"name":"(anonymous_4)","decl":{"start":{"line":46,"column":56},"end":{"line":46,"column":61}},"loc":{"start":{"line":46,"column":61},"end":{"line":46,"column":82}},"line":46},"5":{"name":"(anonymous_5)","decl":{"start":{"line":64,"column":29},"end":{"line":64,"column":30}},"loc":{"start":{"line":64,"column":52},"end":{"line":68,"column":null}},"line":64},"6":{"name":"(anonymous_6)","decl":{"start":{"line":65,"column":21},"end":{"line":65,"column":29}},"loc":{"start":{"line":65,"column":29},"end":{"line":67,"column":9}},"line":65},"7":{"name":"(anonymous_7)","decl":{"start":{"line":65,"column":38},"end":{"line":65,"column":null}},"loc":{"start":{"line":66,"column":12},"end":{"line":66,"column":null}},"line":66},"8":{"name":"(anonymous_8)","decl":{"start":{"line":70,"column":21},"end":{"line":70,"column":28}},"loc":{"start":{"line":70,"column":41},"end":{"line":114,"column":null}},"line":70},"9":{"name":"(anonymous_9)","decl":{"start":{"line":98,"column":44},"end":{"line":98,"column":49}},"loc":{"start":{"line":98,"column":49},"end":{"line":98,"column":78}},"line":98},"10":{"name":"(anonymous_10)","decl":{"start":{"line":99,"column":25},"end":{"line":99,"column":33}},"loc":{"start":{"line":99,"column":33},"end":{"line":106,"column":13}},"line":99},"11":{"name":"(anonymous_11)","decl":{"start":{"line":99,"column":42},"end":{"line":99,"column":null}},"loc":{"start":{"line":100,"column":16},"end":{"line":105,"column":null}},"line":100},"12":{"name":"(anonymous_12)","decl":{"start":{"line":148,"column":39},"end":{"line":148,"column":40}},"loc":{"start":{"line":149,"column":28},"end":{"line":195,"column":null}},"line":149},"13":{"name":"(anonymous_13)","decl":{"start":{"line":173,"column":54},"end":{"line":173,"column":55}},"loc":{"start":{"line":173,"column":61},"end":{"line":173,"column":null}},"line":173},"14":{"name":"(anonymous_14)","decl":{"start":{"line":177,"column":55},"end":{"line":177,"column":null}},"loc":{"start":{"line":178,"column":48},"end":{"line":178,"column":null}},"line":178},"15":{"name":"(anonymous_15)","decl":{"start":{"line":186,"column":53},"end":{"line":186,"column":59}},"loc":{"start":{"line":186,"column":59},"end":{"line":186,"column":null}},"line":186}},"branchMap":{"0":{"loc":{"start":{"line":25,"column":12},"end":{"line":25,"column":null}},"type":"if","locations":[{"start":{"line":25,"column":12},"end":{"line":25,"column":null}},{"start":{},"end":{}}],"line":25},"1":{"loc":{"start":{"line":33,"column":12},"end":{"line":33,"column":null}},"type":"if","locations":[{"start":{"line":33,"column":12},"end":{"line":33,"column":null}},{"start":{},"end":{}}],"line":33},"2":{"loc":{"start":{"line":42,"column":12},"end":{"line":42,"column":null}},"type":"if","locations":[{"start":{"line":42,"column":12},"end":{"line":42,"column":null}},{"start":{},"end":{}}],"line":42},"3":{"loc":{"start":{"line":49,"column":37},"end":{"line":49,"column":null}},"type":"binary-expr","locations":[{"start":{"line":49,"column":37},"end":{"line":49,"column":60}},{"start":{"line":49,"column":60},"end":{"line":49,"column":null}}],"line":49},"4":{"loc":{"start":{"line":50,"column":40},"end":{"line":50,"column":null}},"type":"binary-expr","locations":[{"start":{"line":50,"column":40},"end":{"line":50,"column":72}},{"start":{"line":50,"column":72},"end":{"line":50,"column":null}}],"line":50},"5":{"loc":{"start":{"line":66,"column":12},"end":{"line":66,"column":null}},"type":"cond-expr","locations":[{"start":{"line":66,"column":32},"end":{"line":66,"column":69}},{"start":{"line":66,"column":69},"end":{"line":66,"column":null}}],"line":66},"6":{"loc":{"start":{"line":71,"column":8},"end":{"line":71,"column":null}},"type":"if","locations":[{"start":{"line":71,"column":8},"end":{"line":71,"column":null}},{"start":{},"end":{}}],"line":71},"7":{"loc":{"start":{"line":71,"column":12},"end":{"line":71,"column":88}},"type":"binary-expr","locations":[{"start":{"line":71,"column":12},"end":{"line":71,"column":37}},{"start":{"line":71,"column":37},"end":{"line":71,"column":88}}],"line":71},"8":{"loc":{"start":{"line":76,"column":12},"end":{"line":82,"column":null}},"type":"if","locations":[{"start":{"line":76,"column":12},"end":{"line":82,"column":null}},{"start":{},"end":{}}],"line":76},"9":{"loc":{"start":{"line":93,"column":12},"end":{"line":93,"column":null}},"type":"if","locations":[{"start":{"line":93,"column":12},"end":{"line":93,"column":null}},{"start":{},"end":{}}],"line":93},"10":{"loc":{"start":{"line":100,"column":16},"end":{"line":105,"column":null}},"type":"cond-expr","locations":[{"start":{"line":100,"column":41},"end":{"line":105,"column":20}},{"start":{"line":105,"column":20},"end":{"line":105,"column":null}}],"line":100},"11":{"loc":{"start":{"line":116,"column":4},"end":{"line":119,"column":null}},"type":"if","locations":[{"start":{"line":116,"column":4},"end":{"line":119,"column":null}},{"start":{},"end":{}}],"line":116},"12":{"loc":{"start":{"line":153,"column":83},"end":{"line":153,"column":139}},"type":"cond-expr","locations":[{"start":{"line":153,"column":104},"end":{"line":153,"column":135}},{"start":{"line":153,"column":135},"end":{"line":153,"column":139}}],"line":153},"13":{"loc":{"start":{"line":156,"column":98},"end":{"line":156,"column":130}},"type":"binary-expr","locations":[{"start":{"line":156,"column":98},"end":{"line":156,"column":120}},{"start":{"line":156,"column":120},"end":{"line":156,"column":130}}],"line":156},"14":{"loc":{"start":{"line":162,"column":123},"end":{"line":164,"column":null}},"type":"cond-expr","locations":[{"start":{"line":163,"column":42},"end":{"line":163,"column":null}},{"start":{"line":164,"column":42},"end":{"line":164,"column":null}}],"line":162},"15":{"loc":{"start":{"line":172,"column":51},"end":{"line":172,"column":null}},"type":"binary-expr","locations":[{"start":{"line":172,"column":51},"end":{"line":172,"column":75}},{"start":{"line":172,"column":75},"end":{"line":172,"column":103}},{"start":{"line":172,"column":103},"end":{"line":172,"column":null}}],"line":172},"16":{"loc":{"start":{"line":184,"column":37},"end":{"line":192,"column":null}},"type":"binary-expr","locations":[{"start":{"line":184,"column":37},"end":{"line":184,"column":61}},{"start":{"line":184,"column":61},"end":{"line":184,"column":null}},{"start":{"line":185,"column":40},"end":{"line":192,"column":null}}],"line":184},"17":{"loc":{"start":{"line":191,"column":45},"end":{"line":191,"column":null}},"type":"cond-expr","locations":[{"start":{"line":191,"column":72},"end":{"line":191,"column":86}},{"start":{"line":191,"column":86},"end":{"line":191,"column":null}}],"line":191}},"s":{"0":0,"1":0,"2":0,"3":0,"4":0,"5":0,"6":0,"7":0,"8":0,"9":0,"10":0,"11":0,"12":0,"13":0,"14":0,"15":0,"16":0,"17":0,"18":0,"19":0,"20":0,"21":0,"22":0,"23":0,"24":0,"25":0,"26":0,"27":0,"28":0,"29":0,"30":0,"31":0,"32":0,"33":0,"34":0,"35":0,"36":0,"37":0,"38":0,"39":0,"40":0,"41":0,"42":0,"43":0,"44":0,"45":0,"46":0,"47":0,"48":0,"49":0,"50":0,"51":0,"52":0,"53":0,"54":0,"55":0},"f":{"0":0,"1":0,"2":0,"3":0,"4":0,"5":0,"6":0,"7":0,"8":0,"9":0,"10":0,"11":0,"12":0,"13":0,"14":0,"15":0},"b":{"0":[0,0],"1":[0,0],"2":[0,0],"3":[0,0],"4":[0,0],"5":[0,0],"6":[0,0],"7":[0,0],"8":[0,0],"9":[0,0],"10":[0,0],"11":[0,0],"12":[0,0],"13":[0,0],"14":[0,0],"15":[0,0,0],"16":[0,0,0],"17":[0,0]},"meta":{"lastBranch":18,"lastFunction":16,"lastStatement":56,"seen":{"f:6:24:6:39":0,"s:7:34:7:Infinity":0,"s:8:26:8:Infinity":1,"s:9:30:9:Infinity":2,"s:10:32:10:Infinity":3,"s:12:4:14:Infinity":4,"f:12:14:12:20":1,"s:13:8:13:Infinity":5,"s:16:22:62:Infinity":6,"f:16:22:16:34":2,"s:17:8:61:Infinity":7,"s:19:59:23:Infinity":8,"b:25:12:25:Infinity:undefined:undefined:undefined:undefined":0,"s:25:12:25:Infinity":9,"s:25:28:25:Infinity":10,"s:28:59:31:Infinity":11,"b:33:12:33:Infinity:undefined:undefined:undefined:undefined":1,"s:33:12:33:Infinity":12,"s:33:28:33:Infinity":13,"s:34:12:34:Infinity":14,"s:37:71:40:Infinity":15,"b:42:12:42:Infinity:undefined:undefined:undefined:undefined":2,"s:42:12:42:Infinity":16,"s:42:34:42:Infinity":17,"s:45:36:52:Infinity":18,"f:45:50:45:58":3,"s:46:35:46:Infinity":19,"f:46:56:46:61":4,"s:46:61:46:82":20,"s:47:16:51:Infinity":21,"b:49:37:49:60:49:60:49:Infinity":3,"b:50:40:50:72:50:72:50:Infinity":4,"s:54:12:54:Infinity":22,"s:57:12:57:Infinity":23,"s:58:12:58:Infinity":24,"s:60:12:60:Infinity":25,"s:64:29:68:Infinity":26,"f:64:29:64:30":5,"s:65:8:67:Infinity":27,"f:65:21:65:29":6,"s:65:29:67:9":28,"f:65:38:65:Infinity":7,"s:66:12:66:Infinity":29,"b:66:32:66:69:66:69:66:Infinity":5,"s:70:21:114:Infinity":30,"f:70:21:70:28":8,"b:71:8:71:Infinity:undefined:undefined:undefined:undefined":6,"s:71:8:71:Infinity":31,"b:71:12:71:37:71:37:71:88":7,"s:71:88:71:Infinity":32,"s:73:8:73:Infinity":33,"s:74:8:113:Infinity":34,"b:76:12:82:Infinity:undefined:undefined:undefined:undefined":8,"s:76:12:82:Infinity":35,"s:77:16:81:Infinity":36,"s:85:30:91:Infinity":37,"b:93:12:93:Infinity:undefined:undefined:undefined:undefined":9,"s:93:12:93:Infinity":38,"s:93:23:93:Infinity":39,"s:95:12:95:Infinity":40,"s:98:33:98:Infinity":41,"f:98:44:98:49":9,"s:98:49:98:78":42,"s:99:12:106:Infinity":43,"f:99:25:99:33":10,"s:99:33:106:13":44,"f:99:42:99:Infinity":11,"s:100:16:105:Infinity":45,"b:100:41:105:20:105:20:105:Infinity":10,"s:109:12:109:Infinity":46,"s:110:12:110:Infinity":47,"s:112:12:112:Infinity":48,"b:116:4:119:Infinity:undefined:undefined:undefined:undefined":11,"s:116:4:119:Infinity":49,"s:116:17:119:Infinity":50,"s:122:4:200:Infinity":51,"f:148:39:148:40":12,"s:149:28:195:Infinity":52,"b:153:104:153:135:153:135:153:139":12,"b:156:98:156:120:156:120:156:130":13,"b:163:42:163:Infinity:164:42:164:Infinity":14,"b:172:51:172:75:172:75:172:103:172:103:172:Infinity":15,"f:173:54:173:55":13,"s:173:61:173:Infinity":53,"f:177:55:177:Infinity":14,"s:178:48:178:Infinity":54,"b:184:37:184:61:184:61:184:Infinity:185:40:192:Infinity":16,"f:186:53:186:59":15,"s:186:59:186:Infinity":55,"b:191:72:191:86:191:86:191:Infinity":17}}}
,"C:\\Users\\Sahil\\Desktop\\anti\\anti\\src\\pages\\admin\\RoleSkillManager.jsx": {"path":"C:\\Users\\Sahil\\Desktop\\anti\\anti\\src\\pages\\admin\\RoleSkillManager.jsx","statementMap":{"0":{"start":{"line":7,"column":34},"end":{"line":7,"column":null}},"1":{"start":{"line":8,"column":26},"end":{"line":8,"column":null}},"2":{"start":{"line":9,"column":28},"end":{"line":9,"column":null}},"3":{"start":{"line":10,"column":30},"end":{"line":10,"column":null}},"4":{"start":{"line":13,"column":32},"end":{"line":13,"column":null}},"5":{"start":{"line":14,"column":30},"end":{"line":14,"column":null}},"6":{"start":{"line":15,"column":40},"end":{"line":15,"column":null}},"7":{"start":{"line":16,"column":36},"end":{"line":16,"column":null}},"8":{"start":{"line":17,"column":52},"end":{"line":17,"column":null}},"9":{"start":{"line":18,"column":42},"end":{"line":18,"column":null}},"10":{"start":{"line":20,"column":4},"end":{"line":22,"column":null}},"11":{"start":{"line":21,"column":8},"end":{"line":21,"column":null}},"12":{"start":{"line":24,"column":22},"end":{"line":37,"column":null}},"13":{"start":{"line":25,"column":8},"end":{"line":36,"column":null}},"14":{"start":{"line":26,"column":40},"end":{"line":26,"column":null}},"15":{"start":{"line":27,"column":41},"end":{"line":27,"column":null}},"16":{"start":{"line":29,"column":12},"end":{"line":29,"column":null}},"17":{"start":{"line":30,"column":12},"end":{"line":30,"column":null}},"18":{"start":{"line":32,"column":12},"end":{"line":32,"column":null}},"19":{"start":{"line":33,"column":12},"end":{"line":33,"column":null}},"20":{"start":{"line":35,"column":12},"end":{"line":35,"column":null}},"21":{"start":{"line":40,"column":27},"end":{"line":55,"column":null}},"22":{"start":{"line":41,"column":8},"end":{"line":41,"column":null}},"23":{"start":{"line":42,"column":8},"end":{"line":54,"column":null}},"24":{"start":{"line":43,"column":36},"end":{"line":46,"column":null}},"25":{"start":{"line":48,"column":12},"end":{"line":48,"column":null}},"26":{"start":{"line":48,"column":23},"end":{"line":48,"column":null}},"27":{"start":{"line":49,"column":12},"end":{"line":49,"column":null}},"28":{"start":{"line":50,"column":12},"end":{"line":50,"column":null}},"29":{"start":{"line":51,"column":12},"end":{"line":51,"column":null}},"30":{"start":{"line":53,"column":12},"end":{"line":53,"column":null}},"31":{"start":{"line":57,"column":30},"end":{"line":66,"column":null}},"32":{"start":{"line":58,"column":8},"end":{"line":58,"column":null}},"33":{"start":{"line":58,"column":82},"end":{"line":58,"column":null}},"34":{"start":{"line":59,"column":8},"end":{"line":65,"column":null}},"35":{"start":{"line":60,"column":12},"end":{"line":60,"column":null}},"36":{"start":{"line":61,"column":12},"end":{"line":61,"column":null}},"37":{"start":{"line":61,"column":41},"end":{"line":61,"column":52}},"38":{"start":{"line":62,"column":12},"end":{"line":62,"column":null}},"39":{"start":{"line":64,"column":12},"end":{"line":64,"column":null}},"40":{"start":{"line":69,"column":26},"end":{"line":84,"column":null}},"41":{"start":{"line":70,"column":8},"end":{"line":70,"column":null}},"42":{"start":{"line":71,"column":8},"end":{"line":83,"column":null}},"43":{"start":{"line":72,"column":36},"end":{"line":75,"column":null}},"44":{"start":{"line":77,"column":12},"end":{"line":77,"column":null}},"45":{"start":{"line":77,"column":23},"end":{"line":77,"column":null}},"46":{"start":{"line":78,"column":12},"end":{"line":78,"column":null}},"47":{"start":{"line":79,"column":12},"end":{"line":79,"column":null}},"48":{"start":{"line":80,"column":12},"end":{"line":80,"column":null}},"49":{"start":{"line":82,"column":12},"end":{"line":82,"column":null}},"50":{"start":{"line":86,"column":29},"end":{"line":102,"column":null}},"51":{"start":{"line":87,"column":8},"end":{"line":90,"column":null}},"52":{"start":{"line":88,"column":12},"end":{"line":88,"column":null}},"53":{"start":{"line":89,"column":12},"end":{"line":89,"column":null}},"54":{"start":{"line":91,"column":8},"end":{"line":91,"column":null}},"55":{"start":{"line":93,"column":8},"end":{"line":101,"column":null}},"56":{"start":{"line":94,"column":29},"end":{"line":97,"column":null}},"57":{"start":{"line":98,"column":12},"end":{"line":98,"column":null}},"58":{"start":{"line":100,"column":12},"end":{"line":100,"column":null}},"59":{"start":{"line":104,"column":33},"end":{"line":124,"column":null}},"60":{"start":{"line":105,"column":8},"end":{"line":105,"column":null}},"61":{"start":{"line":106,"column":8},"end":{"line":106,"column":null}},"62":{"start":{"line":106,"column":33},"end":{"line":106,"column":null}},"63":{"start":{"line":107,"column":8},"end":{"line":123,"column":null}},"64":{"start":{"line":108,"column":36},"end":{"line":115,"column":null}},"65":{"start":{"line":117,"column":12},"end":{"line":117,"column":null}},"66":{"start":{"line":117,"column":23},"end":{"line":117,"column":null}},"67":{"start":{"line":118,"column":12},"end":{"line":118,"column":null}},"68":{"start":{"line":119,"column":12},"end":{"line":119,"column":null}},"69":{"start":{"line":120,"column":12},"end":{"line":120,"column":null}},"70":{"start":{"line":122,"column":12},"end":{"line":122,"column":null}},"71":{"start":{"line":126,"column":38},"end":{"line":134,"column":null}},"72":{"start":{"line":127,"column":8},"end":{"line":133,"column":null}},"73":{"start":{"line":128,"column":12},"end":{"line":128,"column":null}},"74":{"start":{"line":129,"column":12},"end":{"line":129,"column":null}},"75":{"start":{"line":129,"column":50},"end":{"line":129,"column":71}},"76":{"start":{"line":130,"column":12},"end":{"line":130,"column":null}},"77":{"start":{"line":132,"column":12},"end":{"line":132,"column":null}},"78":{"start":{"line":136,"column":4},"end":{"line":139,"column":null}},"79":{"start":{"line":136,"column":17},"end":{"line":139,"column":null}},"80":{"start":{"line":142,"column":4},"end":{"line":371,"column":null}},"81":{"start":{"line":153,"column":39},"end":{"line":153,"column":null}},"82":{"start":{"line":162,"column":39},"end":{"line":162,"column":null}},"83":{"start":{"line":186,"column":51},"end":{"line":186,"column":null}},"84":{"start":{"line":195,"column":51},"end":{"line":195,"column":null}},"85":{"start":{"line":220,"column":36},"end":{"line":233,"column":null}},"86":{"start":{"line":229,"column":67},"end":{"line":229,"column":96}},"87":{"start":{"line":254,"column":51},"end":{"line":254,"column":null}},"88":{"start":{"line":263,"column":51},"end":{"line":263,"column":null}},"89":{"start":{"line":278,"column":51},"end":{"line":278,"column":null}},"90":{"start":{"line":293,"column":32},"end":{"line":365,"column":null}},"91":{"start":{"line":296,"column":125},"end":{"line":296,"column":null}},"92":{"start":{"line":321,"column":60},"end":{"line":326,"column":null}},"93":{"start":{"line":323,"column":87},"end":{"line":323,"column":121}},"94":{"start":{"line":337,"column":79},"end":{"line":337,"column":null}},"95":{"start":{"line":342,"column":68},"end":{"line":342,"column":null}},"96":{"start":{"line":353,"column":79},"end":{"line":353,"column":null}},"97":{"start":{"line":377,"column":4},"end":{"line":393,"column":null}}},"fnMap":{"0":{"name":"RoleSkillManager","decl":{"start":{"line":6,"column":24},"end":{"line":6,"column":43}},"loc":{"start":{"line":6,"column":43},"end":{"line":373,"column":null}},"line":6},"1":{"name":"(anonymous_1)","decl":{"start":{"line":20,"column":14},"end":{"line":20,"column":20}},"loc":{"start":{"line":20,"column":20},"end":{"line":22,"column":7}},"line":20},"2":{"name":"(anonymous_2)","decl":{"start":{"line":24,"column":22},"end":{"line":24,"column":34}},"loc":{"start":{"line":24,"column":34},"end":{"line":37,"column":null}},"line":24},"3":{"name":"(anonymous_3)","decl":{"start":{"line":40,"column":27},"end":{"line":40,"column":34}},"loc":{"start":{"line":40,"column":40},"end":{"line":55,"column":null}},"line":40},"4":{"name":"(anonymous_4)","decl":{"start":{"line":57,"column":30},"end":{"line":57,"column":37}},"loc":{"start":{"line":57,"column":44},"end":{"line":66,"column":null}},"line":57},"5":{"name":"(anonymous_5)","decl":{"start":{"line":61,"column":36},"end":{"line":61,"column":41}},"loc":{"start":{"line":61,"column":41},"end":{"line":61,"column":52}},"line":61},"6":{"name":"(anonymous_6)","decl":{"start":{"line":69,"column":26},"end":{"line":69,"column":33}},"loc":{"start":{"line":69,"column":39},"end":{"line":84,"column":null}},"line":69},"7":{"name":"(anonymous_7)","decl":{"start":{"line":86,"column":29},"end":{"line":86,"column":36}},"loc":{"start":{"line":86,"column":47},"end":{"line":102,"column":null}},"line":86},"8":{"name":"(anonymous_8)","decl":{"start":{"line":104,"column":33},"end":{"line":104,"column":40}},"loc":{"start":{"line":104,"column":46},"end":{"line":124,"column":null}},"line":104},"9":{"name":"(anonymous_9)","decl":{"start":{"line":126,"column":38},"end":{"line":126,"column":45}},"loc":{"start":{"line":126,"column":61},"end":{"line":134,"column":null}},"line":126},"10":{"name":"(anonymous_10)","decl":{"start":{"line":129,"column":44},"end":{"line":129,"column":50}},"loc":{"start":{"line":129,"column":50},"end":{"line":129,"column":71}},"line":129},"11":{"name":"(anonymous_11)","decl":{"start":{"line":153,"column":33},"end":{"line":153,"column":39}},"loc":{"start":{"line":153,"column":39},"end":{"line":153,"column":null}},"line":153},"12":{"name":"(anonymous_12)","decl":{"start":{"line":162,"column":33},"end":{"line":162,"column":39}},"loc":{"start":{"line":162,"column":39},"end":{"line":162,"column":null}},"line":162},"13":{"name":"(anonymous_13)","decl":{"start":{"line":186,"column":46},"end":{"line":186,"column":51}},"loc":{"start":{"line":186,"column":51},"end":{"line":186,"column":null}},"line":186},"14":{"name":"(anonymous_14)","decl":{"start":{"line":195,"column":46},"end":{"line":195,"column":51}},"loc":{"start":{"line":195,"column":51},"end":{"line":195,"column":null}},"line":195},"15":{"name":"(anonymous_15)","decl":{"start":{"line":219,"column":44},"end":{"line":219,"column":null}},"loc":{"start":{"line":220,"column":36},"end":{"line":233,"column":null}},"line":220},"16":{"name":"(anonymous_16)","decl":{"start":{"line":229,"column":61},"end":{"line":229,"column":67}},"loc":{"start":{"line":229,"column":67},"end":{"line":229,"column":96}},"line":229},"17":{"name":"(anonymous_17)","decl":{"start":{"line":254,"column":46},"end":{"line":254,"column":51}},"loc":{"start":{"line":254,"column":51},"end":{"line":254,"column":null}},"line":254},"18":{"name":"(anonymous_18)","decl":{"start":{"line":263,"column":46},"end":{"line":263,"column":51}},"loc":{"start":{"line":263,"column":51},"end":{"line":263,"column":null}},"line":263},"19":{"name":"(anonymous_19)","decl":{"start":{"line":278,"column":46},"end":{"line":278,"column":51}},"loc":{"start":{"line":278,"column":51},"end":{"line":278,"column":null}},"line":278},"20":{"name":"(anonymous_20)","decl":{"start":{"line":292,"column":39},"end":{"line":292,"column":null}},"loc":{"start":{"line":293,"column":32},"end":{"line":365,"column":null}},"line":293},"21":{"name":"(anonymous_21)","decl":{"start":{"line":296,"column":119},"end":{"line":296,"column":125}},"loc":{"start":{"line":296,"column":125},"end":{"line":296,"column":null}},"line":296},"22":{"name":"(an
[...]
1:17:11:38":2,"s:12:18:12:Infinity":3,"s:13:8:13:Infinity":4,"s:15:4:15:Infinity":5,"f:18:24:18:40":1,"s:19:20:19:Infinity":6,"s:20:17:20:Infinity":7,"s:21:10:21:Infinity":8,"s:23:34:23:Infinity":9,"s:24:30:24:Infinity":10,"s:25:30:25:Infinity":11,"s:26:36:26:Infinity":12,"s:27:28:27:Infinity":13,"s:30:28:30:Infinity":14,"s:31:40:31:Infinity":15,"s:33:4:37:Infinity":16,"f:33:14:33:20":2,"b:34:8:36:Infinity:undefined:undefined:undefined:undefined":0,"s:34:8:36:Infinity":17,"b:34:12:34:23:34:23:34:29":1,"s:35:12:35:Infinity":18,"s:39:37:128:Infinity":19,"f:39:37:39:49":3,"s:40:8:127:Infinity":20,"s:42:57:47:Infinity":21,"b:49:12:54:Infinity:undefined:undefined:undefined:undefined":2,"s:49:12:54:Infinity":22,"b:49:16:49:29:49:29:49:40":3,"s:50:16:50:Infinity":23,"s:51:16:51:Infinity":24,"s:52:16:52:Infinity":25,"s:53:16:53:Infinity":26,"s:57:39:63:Infinity":27,"s:66:34:66:Infinity":28,"f:66:49:66:54":4,"s:66:54:66:62":29,"b:67:12:76:Infinity:undefined:undefined:undefined:undefined":4,"s:67:12:76:Infinity":30,"s:68:16:68:Infinity":31,"s:69:16:73:Infinity":32,"s:74:16:74:Infinity":33,"s:75:16:75:Infinity":34,"s:79:32:79:Infinity":35,"b:80:12:91:Infinity:undefined:undefined:undefined:undefined":5,"s:80:12:91:Infinity":36,"s:81:40:81:Infinity":37,"s:82:22:82:Infinity":38,"s:83:22:83:Infinity":39,"b:85:16:90:Infinity:undefined:undefined:undefined:undefined":6,"s:85:16:90:Infinity":40,"s:86:20:86:Infinity":41,"s:87:20:87:Infinity":42,"s:88:20:88:Infinity":43,"s:89:20:89:Infinity":44,"s:94:59:102:Infinity":45,"b:104:12:104:Infinity:undefined:undefined:undefined:undefined":7,"s:104:12:104:Infinity":46,"s:104:24:104:Infinity":47,"b:106:12:110:Infinity:undefined:undefined:undefined:undefined":8,"s:106:12:110:Infinity":48,"b:106:16:106:34:106:34:106:62":9,"s:107:16:107:Infinity":49,"s:108:16:108:Infinity":50,"s:109:16:109:Infinity":51,"s:113:38:116:Infinity":52,"f:113:70:113:76":5,"s:113:76:116:14":53,"s:118:12:118:Infinity":54,"s:119:12:119:Infinity":55,"s:122:12:122:Infinity":56,"s:123:12:123:Infinity":57,"s:124:12:124:Infinity":58,"s:126:12:126:Infinity":59,"s:130:31:144:Infinity":60,"f:130:31:130:32":6,"s:131:8:131:Infinity":61,"b:132:8:135:Infinity:undefined:undefined:undefined:undefined":10,"s:132:8:135:Infinity":62,"b:132:12:132:27:132:27:132:38":11,"s:133:12:133:Infinity":63,"s:134:12:134:Infinity":64,"s:136:8:143:Infinity":65,"f:136:19:136:27":7,"s:137:29:140:Infinity":66,"s:141:12:141:Infinity":67,"s:142:12:142:Infinity":68,"s:146:25:228:Infinity":69,"f:146:25:146:37":8,"s:147:8:147:Infinity":70,"b:149:8:152:Infinity:undefined:undefined:undefined:undefined":12,"s:149:8:152:Infinity":71,"s:150:12:150:Infinity":72,"s:151:12:151:Infinity":73,"s:154:8:154:Infinity":74,"s:156:8:227:Infinity":75,"s:158:31:158:Infinity":76,"s:159:12:165:Infinity":77,"f:159:30:159:35":9,"s:160:41:160:Infinity":78,"s:161:38:161:Infinity":79,"f:161:62:161:67":10,"s:161:67:161:79":80,"b:162:16:164:Infinity:undefined:undefined:undefined:undefined":13,"s:162:16:164:Infinity":81,"b:162:20:162:37:162:37:162:76":14,"s:163:20:163:Infinity":82,"s:167:37:167:Infinity":83,"s:168:27:168:Infinity":84,"s:170:12:170:Infinity":85,"s:173:57:178:Infinity":86,"b:180:12:183:Infinity:undefined:undefined:undefined:undefined":15,"s:180:12:183:Infinity":87,"s:181:16:181:Infinity":88,"s:186:32:192:Infinity":89,"s:194:12:194:Infinity":90,"s:196:30:198:Infinity":91,"b:200:12:203:Infinity:undefined:undefined:undefined:undefined":16,"s:200:12:203:Infinity":92,"s:201:16:201:Infinity":93,"s:202:16:202:Infinity":94,"s:205:12:210:Infinity":95,"b:212:12:220:Infinity:215:19:220:Infinity":17,"s:212:12:220:Infinity":96,"s:213:16:213:Infinity":97,"s:214:16:214:Infinity":98,"s:216:16:216:Infinity":99,"s:217:16:217:Infinity":100,"s:219:16:219:Infinity":101,"s:223:12:223:Infinity":102,"s:224:12:224:Infinity":103,"s:226:12:226:Infinity":104,"b:230:4:233:Infinity:undefined:undefined:undefined:undefined":18,"s:230:4:233:Infinity":105,"s:230:17:233:Infinity":106,"b:237:4:255:Infinity:undefined:undefined:undefined:undefined":19,"s:237:4:255:Infinity":107,"s:238:8:253:Infinity":108,"f:248:29:248:35":11,"s:248:35:248:Infinity":109,"b:258:4:282:Infinity:undefined:undefined:undefined:undefined":20,"s:258:4:282:Infinity":110,"s:259:8:280:Infinity":111,"f:275:29:275:35":12,"s:275:35:275:Infinity":112,"b:285:4:314:Infinity:undefined:undefined:undefined:undefined":21,"s:285:4:314:Infinity":113,"b:285:8:285:18:285:18:285:34":22,"s:286:8:312:Infinity":114,"f:307:29:307:35":13,"s:307:35:307:Infinity":115,"s:317:4:403:Infinity":116,"f:336:31:336:32":14,"b:337:20:337:Infinity:undefined:undefined:undefined:undefined":23,"s:337:20:337:Infinity":117,"b:337:24:337:30:337:30:337:51":24,"s:337:51:337:Infinity":118,"s:338:20:379:Infinity":119,"f:347:64:347:Infinity":15,"s:348:44:374:Infinity":120,"b:351:54:351:Infinity:352:54:352:Infinity":25,"b:355:185:355:217:355:217:355:Infinity":26,"b:357:53:357:Infinity:358:56:358:Infinity":27,"b:361:113:361:143:361:143:361:158":28,"f:369:62:369:68":16,"s:369:68:369:Infinity":121,"b:391:24:394:Infinity:396:24:399:Infinity":29}}}
,"C:\\Users\\Sahil\\Desktop\\anti\\anti\\src\\pages\\employee\\TestList.jsx": {"path":"C:\\Users\\Sahil\\Desktop\\anti\\anti\\src\\pages\\employee\\TestList.jsx","statementMap":{"0":{"start":{"line":8,"column":17},"end":{"line":8,"column":null}},"1":{"start":{"line":9,"column":28},"end":{"line":9,"column":null}},"2":{"start":{"line":10,"column":30},"end":{"line":10,"column":null}},"3":{"start":{"line":11,"column":32},"end":{"line":11,"column":null}},"4":{"start":{"line":12,"column":36},"end":{"line":12,"column":null}},"5":{"start":{"line":13,"column":10},"end":{"line":13,"column":null}},"6":{"start":{"line":15,"column":4},"end":{"line":19,"column":null}},"7":{"start":{"line":16,"column":8},"end":{"line":18,"column":null}},"8":{"start":{"line":17,"column":12},"end":{"line":17,"column":null}},"9":{"start":{"line":21,"column":22},"end":{"line":145,"column":null}},"10":{"start":{"line":22,"column":8},"end":{"line":144,"column":null}},"11":{"start":{"line":24,"column":41},"end":{"line":29,"column":null}},"12":{"start":{"line":31,"column":12},"end":{"line":36,"column":null}},"13":{"start":{"line":32,"column":16},"end":{"line":32,"column":null}},"14":{"start":{"line":33,"column":16},"end":{"line":33,"column":null}},"15":{"start":{"line":34,"column":16},"end":{"line":34,"column":null}},"16":{"start":{"line":35,"column":16},"end":{"line":35,"column":null}},"17":{"start":{"line":39,"column":39},"end":{"line":44,"column":null}},"18":{"start":{"line":46,"column":12},"end":{"line":49,"column":null}},"19":{"start":{"line":47,"column":16},"end":{"line":47,"column":null}},"20":{"start":{"line":48,"column":16},"end":{"line":48,"column":null}},"21":{"start":{"line":58,"column":28},"end":{"line":58,"column":null}},"22":{"start":{"line":59,"column":12},"end":{"line":60,"column":null}},"23":{"start":{"line":59,"column":55},"end":{"line":59,"column":null}},"24":{"start":{"line":59,"column":67},"end":{"line":60,"column":null}},"25":{"start":{"line":60,"column":57},"end":{"line":60,"column":null}},"26":{"start":{"line":62,"column":33},"end":{"line":62,"column":null}},"27":{"start":{"line":64,"column":12},"end":{"line":73,"column":null}},"28":{"start":{"line":65,"column":43},"end":{"line":71,"column":null}},"29":{"start":{"line":72,"column":16},"end":{"line":72,"column":null}},"30":{"start":{"line":78,"column":34},"end":{"line":78,"column":null}},"31":{"start":{"line":82,"column":41},"end":{"line":85,"column":null}},"32":{"start":{"line":88,"column":42},"end":{"line":93,"column":null}},"33":{"start":{"line":96,"column":28},"end":{"line":96,"column":null}},"34":{"start":{"line":97,"column":32},"end":{"line":97,"column":null}},"35":{"start":{"line":99,"column":12},"end":{"line":116,"column":null}},"36":{"start":{"line":100,"column":16},"end":{"line":100,"column":null}},"37":{"start":{"line":101,"column":16},"end":{"line":101,"column":null}},"38":{"start":{"line":103,"column":16},"end":{"line":103,"column":null}},"39":{"start":{"line":105,"column":16},"end":{"line":115,"column":null}},"40":{"start":{"line":110,"column":39},"end":{"line":110,"column":null}},"41":{"start":{"line":110,"column":61},"end":{"line":110,"column":87}},"42":{"start":{"line":112,"column":20},"end":{"line":114,"column":null}},"43":{"start":{"line":113,"column":24},"end":{"line":113,"column":null}},"44":{"start":{"line":118,"column":12},"end":{"line":123,"column":null}},"45":{"start":{"line":119,"column":16},"end":{"line":119,"column":null}},"46":{"start":{"line":120,"column":16},"end":{"line":120,"column":null}},"47":{"start":{"line":121,"column":16},"end":{"line":121,"column":null}},"48":{"start":{"line":122,"column":16},"end":{"line":122,"column":null}},"49":{"start":{"line":126,"column":36},"end":{"line":136,"column":null}},"50":{"start":{"line":127,"column":34},"end":{"line":130,"column":null}},"51":{"start":{"line":132,"column":16},"end":{"line":135,"column":null}},"52":{"start":{"line":138,"column":12},"end":{"line":138,"column":null}},"53":{"start":{"line":138,"column":50},"end":{"line":138,"column":69}},"54":{"start":{"line":141,"column":12},"end":{"line":141,"column":null}},"55":{"start":{"line":143,"column":12},"end":{"line":143,"column":null}},"56":{"start":{"line":147,"column":4},"end":{"line":150,"column":null}},"57":{"start":{"line":147,"column":17},"end":{"line":150,"column":null}},"58":{"start":{"line":153,"column":4},"end":{"line":200,"column":null}},"59":{"start":{"line":154,"column":8},"end":{"line":198,"column":null}},"60":{"start":{"line":172,"column":43},"end":{"line":172,"column":null}},"61":{"start":{"line":191,"column":43},"end":{"line":191,"column":null}},"62":{"start":{"line":202,"column":4},"end":{"line":244,"column":null}},"63":{"start":{"line":211,"column":20},"end":{"line":231,"column":null}},"64":{"start":{"line":226,"column":43},"end":{"line":226,"column":null}}},"fnMap":{"0":{"name":"TestList","decl":{"start":{"line":7,"column":24},"end":{"line":7,"column":35}},"loc":{"start":{"line":7,"column":35},"end":{"line":246,"column":null}},"line":7},"1":{"name":"(anonymous_1)","decl":{"start":{"line":15,"column":14},"end":{"line":15,"column":20}},"loc":{"start":{"line":15,"column":20},"end":{"line":19,"column":7}},"line":15},"2":{"name":"(anonymous_2)","decl":{"start":{"line":21,"column":22},"end":{"line":21,"column":34}},"loc":{"start":{"line":21,"column":34},"end":{"line":145,"column":null}},"line":21},"3":{"name":"(anonymous_3)","decl":{"start":{"line":105,"column":35},"end":{"line":105,"column":41}},"loc":{"start":{"line":105,"column":41},"end":{"line":115,"column":17}},"line":105},"4":{"name":"(anonymous_4)","decl":{"start":{"line":110,"column":56},"end":{"line":110,"column":61}},"loc":{"start":{"line":110,"column":61},"end":{"line":110,"column":87}},"line":110},"5":{"name":"(anonymous_5)","decl":{"start":{"line":126,"column":69},"end":{"line":126,"column":76}},"loc":{"start":{"line":126,"column":83},"end":{"line":136,"column":13}},"line":126},"6":{"name":"(anonymous_6)","decl":{"start":{"line":138,"column":45},"end":{"line":138,"column":50}},"loc":{"start":{"line":138,"column":50},"end":{"line":138,"column":69}},"line":138},"7":{"name":"(anonymous_7)","decl":{"start":{"line":172,"column":37},"end":{"line":172,"column":43}},"loc":{"start":{"line":172,"column":43},"end":{"line":172,"column":null}},"line":172},"8":{"name":"(anonymous_8)","decl":{"start":{"line":191,"column":37},"end":{"line":191,"column":43}},"loc":{"start":{"line":191,"column":43},"end":{"line":191,"column":null}},"line":191},"9":{"name":"(anonymous_9)","decl":{"start":{"line":210,"column":28},"end":{"line":210,"column":null}},"loc":{"start":{"line":211,"column":20},"end":{"line":231,"column":null}},"line":211},"10":{"name":"(anonymous_10)","decl":{"start":{"line":226,"column":37},"end":{"line":226,"column":43}},"loc":{"start":{"line":226,"column":43},"end":{"line":226,"column":null}},"line":226}},"branchMap":{"0":{"loc":{"start":{"line":16,"column":8},"end":{"line":18,"column":null}},"type":"if","locations":[{"start":{"line":16,"column":8},"end":{"line":18,"column":null}},{"start":{},"end":{}}],"line":16},"1":{"loc":{"start":{"line":31,"column":12},"end":{"line":36,"column":null}},"type":"if","locations":[{"start":{"line":31,"column":12},"end":{"line":36,"column":null}},{"start":{},"end":{}}],"line":31},"2":{"loc":{"start":{"line":31,"column":16},"end":{"line":31,"column":53}},"type":"binary-expr","locations":[{"start":{"line":31,"column":16},"end":{"line":31,"column":30}},{"start":{"line":31,"column":30},"end":{"line":31,"column":53}}],"line":31},"3":{"loc":{"start":{"line":46,"column":12},"end":{"line":49,"column":null}},"type":"if","locations":[{"start":{"line":46,"column":12},"end":{"line":49,"column":null}},{"start":{},"end":{}}],"line":46},"4":{"loc":{"start":{"line":59,"column":12},"end":{"line":60,"column":null}},"type":"if","locations":[{"start":{"line":59,"column":12},"end":{"line":60,"column":null}},{"start":{"line":59,"column":67},"end":{"line":60,"column":null}}],"line":59},"5":{"loc":{"start":{"line":59,"column":67},"end":{"line":60,"column":null}},"type":"if","locations":[{"start":{"line":59,"column":67},"end":{"line":60,"column":null}},{"start":{},"end":{}}],"line":59},"6":{"loc":{"start":{"line":64,"column":12},"end":{"line":73,"column":null}},"type":"if","locations":[{"start":{"line":64,"column":12},"end":{"line":73,"column":null}},{"start":{},"end":{}}],"line":64},"7":{"loc":{"start":{"line":78,"column":34},"end":{"line":78,"column":null}},"type":"cond-expr","locations":[{"start":{"line":78,"column":51},"end":{"line":78,"column":71}},{"start":{"line":78,"column":71},"end":{"line":78,"column":null}}],"line":78},"8":{"loc":{"start":{"line":99,"column":12},"end":{"line":116,"column":null}},"type":"if","locations":[{"start":{"line":99,"column":12},"end":{"line":116,"column":null}},{"start":{"line":102,"column":19},"end":{"line":116,"column":null}}],"line":99},"9":{"loc":{"start":{"line":99,"column":16},"end":{"line":99,"column":58}},"type":"binary-expr","locations":[{"start":{"line":99,"column":16},"end":{"line":99,"column":32}},{"start":{"line":99,"column":32},"end":{"line":99,"column":58}}],"line":99},"10":{"loc":{"start":{"line":112,"column":20},"end":{"line":114,"column":null}},"type":"if","locations":[{"start":{"line":112,"column":20},"end":{"line":114,"column":null}},{"start":{},"end":{}}],"line":112},"11":{"loc":{"start":{"line":112,"column":24},"end":{"line":112,"column":83}},"type":"binary-expr","locations":[{"start":{"line":112,"column":24},"end":{"line":112,"column":39}},{"start":{"line":112,"column":39},"end":{"line":112,"column":83}}],"line":112},"12":{"loc":{"start":{"line":118,"column":12},"end":{"line":123,"column":null}},"type":"if","locations":[{"start":{"line":118,"column":12},"end":{"line":123,"column":null}},{"start":{},"end":{}}],"line":118},"13":{"loc":{"start":{"line":147,"column":4},"end":{"line":150,"column":null}},"type":"if","locations":[{"start":{"line":147,"column":4},"end":{"line":150,"column":null}},{"start":{},"end":{}}],"line":147},"14":{"loc":{"start":{"line":153,"column":4},"end":{"line":200,"column":null}},"type":"if","locations":[{"start":{"line":153,"column":4},"end":{"line":200,"column":null}},{"start":{},"end":{}}],"line":153},"15":{"loc":{"start":{"line":161,"column":17},"end":{"line":177,"column":null}},"type":"binary-expr","locations":[{"start":{"line":161,"column":17},"end":{"line":161,"column":null}},{"start":{"line":162,"column":20},"end":{"line":177,"column":null}}],"line":161},"16":{"loc":{"start":{"line":180,"column":17},"end":{"line":196,"column":null}},"type":"binary-expr","locations":[{"start":{"line":180,"column":17},"end":{"line":180,"column":null}},{"start":{"line":181,"column":20},"end":{"line":196,"column":null}}],"line":180},"17":{"loc":{"start":{"line":213,"column":62},"end":{"line":213,"column":null}},"type":"cond-expr","locations":[{"start":{"line":213,"column":95},"end":{"line":213,"column":124}},{"start":{"line":213,"column":124},"end":{"line":213,"column":null}}],"line":213},"18":{"loc":{"start":{"line":234,"column":17},"end":{"line":241,"column":null}},"type":"binary-expr","locations":[{"start":{"line":234,"column":17},"end":{"line":234,"column":null}},{"start":{"line":235,"column":20},"end":{"line":241,"column":null}}],"line":234}},"s":{"0":0,"1":0,"2":0,"3":0,"4":0,"5":0,"6":0,"7":0,"8":0,"9":0,"10":0,"11":0,"12":0,"13":0,"14":0,"15":0,"16":0,"17":0,"18":0,"19":0,"20":0,"21":0,"22":0,"23":0,"24":0,"25":0,"26":0,"27":0,"28":0,"29":0,"30":0,"31":0,"32":0,"33":0,"34":0,"35":0,"36":0,"37":0,"38":0,"39":0,"40":0,"41":0,"42":0,"43":0,"44":0,"45":0,"46":0,"47":0,"48":0,"49":0,"50":0,"51":0,"52":0,"53":0,"54":0,"55":0,"56":0,"57":0,"58":0,"59":0,"60":0,"61":0,"62":0,"63":0,"64":0},"f":{"0":0,"1":0,"2":0,"3":0,"4":0,"5":0,"6":0,"7":0,"8":0,"9":0,"10":0},"b":{"0":[0,0],"1":[0,0],"2":[0,0],"3":[0,0],"4":[0,0],"5":[0,0],"6":[0,0],"7":[0,0],"8":[0,0],"9":[0,0],"10":[0,0],"11":[0,0],"12":[0,0],"13":[0,0],"14":[0,0],"15":[0,0],"16":[0,0],"17":[0,0],"18":[0,0]},"meta":{"lastBranch":19,"lastFunction":11,"lastStatement":65,"seen":{"f:7:24:7:35":0,"s:8:17:8:Infinity":0,"s:9:28:9:Infinity":1,"s:10:30:10:Infinity":2,"s:11:32:11:Infinity":3,"s:12:36:12:Infinity":4,"s:13:10:13:Infinity":5,"s:15:4:19:Infinity":6,"f:15:14:15:20":1,"b:16:8:18:Infinity:undefined:undefined:undefined:undefined":0,"s:16:8:18:Infinity":7,"s:17:12:17:Infinity":8,"s:21:22:145:Infinity":9,"f:21:22:21:34":2,"s:22:8:144:Infinity":10,"s:24:41:29:Infinity":11,"b:31:12:36:Infinity:undefined:undefined:undefined:undefined":1,"s:31:12:36:Infinity":12,"b:31:16:31:30:31:30:31:53":2,"s:32:16:32:Infinity":13,"s:33:16:33:Infinity":14,"s:34:16:34:Infinity":15,"s:35:16:35:Infinity":16,"s:39:39:44:Infinity":17,"b:46:12:49:Infinity:undefined:undefined:undefined:undefined":3,"s:46:12:49:Infinity":18,"s:47:16:47:Infinity":19,"s:48:16:48:Infinity":20,"s:58:28:58:Infinity":21,"b:59:12:60:Infinity:59:67:60:Infinity":4,"s:59:12:60:Infinity":22,"s:59:55:59:Infinity":23,"b:59:67:60:Infinity:undefined:undefined:undefined:undefined":5,"s:59:67:60:Infinity":24,"s:60:57:60:Infinity":25,"s:62:33:62:Infinity":26,"b:64:12:73:Infinity:undefined:undefined:undefined:undefined":6,"s:64:12:73:Infinity":27,"s:65:43:71:Infinity":28,"s:72:16:72:Infinity":29,"s:78:34:78:Infinity":30,"b:78:51:78:71:78:71:78:Infinity":7,"s:82:41:85:Infinity":31,"s:88:42:93:Infinity":32,"s:96:28:96:Infinity":33,"s:97:32:97:Infinity":34,"b:99:12:116:Infinity:102:19:116:Infinity":8,"s:99:12:116:Infinity":35,"b:99:16:99:32:99:32:99:58":9,"s:100:16:100:Infinity":36,"s:101:16:101:Infinity":37,"s:103:16:103:Infinity":38,"s:105:16:115:Infinity":39,"f:105:35:105:41":3,"s:110:39:110:Infinity":40,"f:110:56:110:61":4,"s:110:61:110:87":41,"b:112:20:114:Infinity:undefined:undefined:undefined:undefined":10,"s:112:20:114:Infinity":42,"b:112:24:112:39:112:39:112:83":11,"s:113:24:113:Infinity":43,"b:118:12:123:Infinity:undefined:undefined:undefined:undefined":12,"s:118:12:123:Infinity":44,"s:119:16:119:Infinity":45,"s:120:16:120:Infinity":46,"s:121:16:121:Infinity":47,"s:122:16:122:Infinity":48,"s:126:36:136:Infinity":49,"f:126:69:126:76":5,"s:127:34:130:Infinity":50,"s:132:16:135:Infinity":51,"s:138:12:138:Infinity":52,"f:138:45:138:50":6,"s:138:50:138:69":53,"s:141:12:141:Infinity":54,"s:143:12:143:Infinity":55,"b:147:4:150:Infinity:undefined:undefined:undefined:undefined":13,"s:147:4:150:Infinity":56,"s:147:17:150:Infinity":57,"b:153:4:200:Infinity:undefined:undefined:undefined:undefined":14,"s:153:4:200:Infinity":58,"s:154:8:198:Infinity":59,"b:161:17:161:Infinity:162:20:177:Infinity":15,"f:172:37:172:43":7,"s:172:43:172:Infinity":60,"b:180:17:180:Infinity:181:20:196:Infinity":16,"f:191:37:191:43":8,"s:191:43:191:Infinity":61,"s:202:4:244:Infinity":62,"f:210:28:210:Infinity":9,"s:211:20:231:Infinity":63,"b:213:95:213:124:213:124:213:Infinity":17,"f:226:37:226:43":10,"s:226:43:226:Infinity":64,"b:234:17:234:Infinity:235:20:241:Infinity":18}}}
}
